[ERROR] 2018-08-06 15:45:39.399 [main] [org.springframework.boot.SpringApplication]815 - Application startup failed 
org.springframework.beans.factory.BeanCreationException: Error creating bean with name 'defaultMQProducer' defined in class path resource [com/gwg/demo/mq/config/RocketMQConfig.class]: Bean instantiation via factory method failed; nested exception is org.springframework.beans.BeanInstantiationException: Failed to instantiate [org.apache.rocketmq.client.producer.DefaultMQProducer]: Factory method 'defaultMQProducer' threw exception; nested exception is org.apache.rocketmq.client.exception.MQClientException: the specified group[rocketmq.producer.producerGroup] contains illegal characters, allowing only ^[%|a-zA-Z0-9_-]+$
For more information, please visit the url, http://rocketmq.apache.org/docs/faq/
	at org.springframework.beans.factory.support.ConstructorResolver.instantiateUsingFactoryMethod(ConstructorResolver.java:599)
	at org.springframework.beans.factory.support.AbstractAutowireCapableBeanFactory.instantiateUsingFactoryMethod(AbstractAutowireCapableBeanFactory.java:1173)
	at org.springframework.beans.factory.support.AbstractAutowireCapableBeanFactory.createBeanInstance(AbstractAutowireCapableBeanFactory.java:1067)
	at org.springframework.beans.factory.support.AbstractAutowireCapableBeanFactory.doCreateBean(AbstractAutowireCapableBeanFactory.java:513)
	at org.springframework.beans.factory.support.AbstractAutowireCapableBeanFactory.createBean(AbstractAutowireCapableBeanFactory.java:483)
	at org.springframework.beans.factory.support.AbstractBeanFactory$1.getObject(AbstractBeanFactory.java:306)
	at org.springframework.beans.factory.support.DefaultSingletonBeanRegistry.getSingleton(DefaultSingletonBeanRegistry.java:230)
	at org.springframework.beans.factory.support.AbstractBeanFactory.doGetBean(AbstractBeanFactory.java:302)
	at org.springframework.beans.factory.support.AbstractBeanFactory.getBean(AbstractBeanFactory.java:197)
	at org.springframework.beans.factory.support.DefaultListableBeanFactory.preInstantiateSingletons(DefaultListableBeanFactory.java:761)
	at org.springframework.context.support.AbstractApplicationContext.finishBeanFactoryInitialization(AbstractApplicationContext.java:866)
	at org.springframework.context.support.AbstractApplicationContext.refresh(AbstractApplicationContext.java:542)
	at org.springframework.boot.context.embedded.EmbeddedWebApplicationContext.refresh(EmbeddedWebApplicationContext.java:122)
	at org.springframework.boot.SpringApplication.refresh(SpringApplication.java:737)
	at org.springframework.boot.SpringApplication.refreshContext(SpringApplication.java:370)
	at org.springframework.boot.SpringApplication.run(SpringApplication.java:314)
	at org.springframework.boot.SpringApplication.run(SpringApplication.java:1162)
	at org.springframework.boot.SpringApplication.run(SpringApplication.java:1151)
	at com.gwg.demo.Application.main(Application.java:31)
Caused by: org.springframework.beans.BeanInstantiationException: Failed to instantiate [org.apache.rocketmq.client.producer.DefaultMQProducer]: Factory method 'defaultMQProducer' threw exception; nested exception is org.apache.rocketmq.client.exception.MQClientException: the specified group[rocketmq.producer.producerGroup] contains illegal characters, allowing only ^[%|a-zA-Z0-9_-]+$
For more information, please visit the url, http://rocketmq.apache.org/docs/faq/
	at org.springframework.beans.factory.support.SimpleInstantiationStrategy.instantiate(SimpleInstantiationStrategy.java:189)
	at org.springframework.beans.factory.support.ConstructorResolver.instantiateUsingFactoryMethod(ConstructorResolver.java:588)
	... 18 common frames omitted
Caused by: org.apache.rocketmq.client.exception.MQClientException: the specified group[rocketmq.producer.producerGroup] contains illegal characters, allowing only ^[%|a-zA-Z0-9_-]+$
For more information, please visit the url, http://rocketmq.apache.org/docs/faq/
	at org.apache.rocketmq.client.Validators.checkGroup(Validators.java:57)
	at org.apache.rocketmq.client.impl.producer.DefaultMQProducerImpl.checkConfig(DefaultMQProducerImpl.java:187)
	at org.apache.rocketmq.client.impl.producer.DefaultMQProducerImpl.start(DefaultMQProducerImpl.java:146)
	at org.apache.rocketmq.client.impl.producer.DefaultMQProducerImpl.start(DefaultMQProducerImpl.java:138)
	at org.apache.rocketmq.client.producer.DefaultMQProducer.start(DefaultMQProducer.java:172)
	at com.gwg.demo.mq.config.RocketMQConfig.defaultMQProducer(RocketMQConfig.java:45)
	at com.gwg.demo.mq.config.RocketMQConfig$$EnhancerBySpringCGLIB$$5046d808.CGLIB$defaultMQProducer$2(<generated>)
	at com.gwg.demo.mq.config.RocketMQConfig$$EnhancerBySpringCGLIB$$5046d808$$FastClassBySpringCGLIB$$2926372f.invoke(<generated>)
	at org.springframework.cglib.proxy.MethodProxy.invokeSuper(MethodProxy.java:228)
	at org.springframework.context.annotation.ConfigurationClassEnhancer$BeanMethodInterceptor.intercept(ConfigurationClassEnhancer.java:358)
	at com.gwg.demo.mq.config.RocketMQConfig$$EnhancerBySpringCGLIB$$5046d808.defaultMQProducer(<generated>)
	at sun.reflect.NativeMethodAccessorImpl.invoke0(Native Method)
	at sun.reflect.NativeMethodAccessorImpl.invoke(NativeMethodAccessorImpl.java:62)
	at sun.reflect.DelegatingMethodAccessorImpl.invoke(DelegatingMethodAccessorImpl.java:43)
	at java.lang.reflect.Method.invoke(Method.java:497)
	at org.springframework.beans.factory.support.SimpleInstantiationStrategy.instantiate(SimpleInstantiationStrategy.java:162)
	... 19 common frames omitted
[ERROR] 2018-08-06 15:45:39.399 [main] [org.springframework.boot.SpringApplication]815 - Application startup failed 
org.springframework.beans.factory.BeanCreationException: Error creating bean with name 'defaultMQProducer' defined in class path resource [com/gwg/demo/mq/config/RocketMQConfig.class]: Bean instantiation via factory method failed; nested exception is org.springframework.beans.BeanInstantiationException: Failed to instantiate [org.apache.rocketmq.client.producer.DefaultMQProducer]: Factory method 'defaultMQProducer' threw exception; nested exception is org.apache.rocketmq.client.exception.MQClientException: the specified group[rocketmq.producer.producerGroup] contains illegal characters, allowing only ^[%|a-zA-Z0-9_-]+$
For more information, please visit the url, http://rocketmq.apache.org/docs/faq/
	at org.springframework.beans.factory.support.ConstructorResolver.instantiateUsingFactoryMethod(ConstructorResolver.java:599)
	at org.springframework.beans.factory.support.AbstractAutowireCapableBeanFactory.instantiateUsingFactoryMethod(AbstractAutowireCapableBeanFactory.java:1173)
	at org.springframework.beans.factory.support.AbstractAutowireCapableBeanFactory.createBeanInstance(AbstractAutowireCapableBeanFactory.java:1067)
	at org.springframework.beans.factory.support.AbstractAutowireCapableBeanFactory.doCreateBean(AbstractAutowireCapableBeanFactory.java:513)
	at org.springframework.beans.factory.support.AbstractAutowireCapableBeanFactory.createBean(AbstractAutowireCapableBeanFactory.java:483)
	at org.springframework.beans.factory.support.AbstractBeanFactory$1.getObject(AbstractBeanFactory.java:306)
	at org.springframework.beans.factory.support.DefaultSingletonBeanRegistry.getSingleton(DefaultSingletonBeanRegistry.java:230)
	at org.springframework.beans.factory.support.AbstractBeanFactory.doGetBean(AbstractBeanFactory.java:302)
	at org.springframework.beans.factory.support.AbstractBeanFactory.getBean(AbstractBeanFactory.java:197)
	at org.springframework.beans.factory.support.DefaultListableBeanFactory.preInstantiateSingletons(DefaultListableBeanFactory.java:761)
	at org.springframework.context.support.AbstractApplicationContext.finishBeanFactoryInitialization(AbstractApplicationContext.java:866)
	at org.springframework.context.support.AbstractApplicationContext.refresh(AbstractApplicationContext.java:542)
	at org.springframework.boot.context.embedded.EmbeddedWebApplicationContext.refresh(EmbeddedWebApplicationContext.java:122)
	at org.springframework.boot.SpringApplication.refresh(SpringApplication.java:737)
	at org.springframework.boot.SpringApplication.refreshContext(SpringApplication.java:370)
	at org.springframework.boot.SpringApplication.run(SpringApplication.java:314)
	at org.springframework.boot.SpringApplication.run(SpringApplication.java:1162)
	at org.springframework.boot.SpringApplication.run(SpringApplication.java:1151)
	at com.gwg.demo.Application.main(Application.java:31)
Caused by: org.springframework.beans.BeanInstantiationException: Failed to instantiate [org.apache.rocketmq.client.producer.DefaultMQProducer]: Factory method 'defaultMQProducer' threw exception; nested exception is org.apache.rocketmq.client.exception.MQClientException: the specified group[rocketmq.producer.producerGroup] contains illegal characters, allowing only ^[%|a-zA-Z0-9_-]+$
For more information, please visit the url, http://rocketmq.apache.org/docs/faq/
	at org.springframework.beans.factory.support.SimpleInstantiationStrategy.instantiate(SimpleInstantiationStrategy.java:189)
	at org.springframework.beans.factory.support.ConstructorResolver.instantiateUsingFactoryMethod(ConstructorResolver.java:588)
	... 18 common frames omitted
Caused by: org.apache.rocketmq.client.exception.MQClientException: the specified group[rocketmq.producer.producerGroup] contains illegal characters, allowing only ^[%|a-zA-Z0-9_-]+$
For more information, please visit the url, http://rocketmq.apache.org/docs/faq/
	at org.apache.rocketmq.client.Validators.checkGroup(Validators.java:57)
	at org.apache.rocketmq.client.impl.producer.DefaultMQProducerImpl.checkConfig(DefaultMQProducerImpl.java:187)
	at org.apache.rocketmq.client.impl.producer.DefaultMQProducerImpl.start(DefaultMQProducerImpl.java:146)
	at org.apache.rocketmq.client.impl.producer.DefaultMQProducerImpl.start(DefaultMQProducerImpl.java:138)
	at org.apache.rocketmq.client.producer.DefaultMQProducer.start(DefaultMQProducer.java:172)
	at com.gwg.demo.mq.config.RocketMQConfig.defaultMQProducer(RocketMQConfig.java:45)
	at com.gwg.demo.mq.config.RocketMQConfig$$EnhancerBySpringCGLIB$$5046d808.CGLIB$defaultMQProducer$2(<generated>)
	at com.gwg.demo.mq.config.RocketMQConfig$$EnhancerBySpringCGLIB$$5046d808$$FastClassBySpringCGLIB$$2926372f.invoke(<generated>)
	at org.springframework.cglib.proxy.MethodProxy.invokeSuper(MethodProxy.java:228)
	at org.springframework.context.annotation.ConfigurationClassEnhancer$BeanMethodInterceptor.intercept(ConfigurationClassEnhancer.java:358)
	at com.gwg.demo.mq.config.RocketMQConfig$$EnhancerBySpringCGLIB$$5046d808.defaultMQProducer(<generated>)
	at sun.reflect.NativeMethodAccessorImpl.invoke0(Native Method)
	at sun.reflect.NativeMethodAccessorImpl.invoke(NativeMethodAccessorImpl.java:62)
	at sun.reflect.DelegatingMethodAccessorImpl.invoke(DelegatingMethodAccessorImpl.java:43)
	at java.lang.reflect.Method.invoke(Method.java:497)
	at org.springframework.beans.factory.support.SimpleInstantiationStrategy.instantiate(SimpleInstantiationStrategy.java:162)
	... 19 common frames omitted
[ERROR] 2018-08-06 16:06:18.331 [main] [org.springframework.boot.SpringApplication]815 - Application startup failed 
org.springframework.beans.factory.BeanCreationException: Error creating bean with name 'defaultMQProducer' defined in class path resource [com/gwg/demo/mq/config/RocketMQConfig.class]: Bean instantiation via factory method failed; nested exception is org.springframework.beans.BeanInstantiationException: Failed to instantiate [org.apache.rocketmq.client.producer.DefaultMQProducer]: Factory method 'defaultMQProducer' threw exception; nested exception is org.apache.rocketmq.client.exception.MQClientException: the specified group[rocketmq.producer.producerGroup] contains illegal characters, allowing only ^[%|a-zA-Z0-9_-]+$
For more information, please visit the url, http://rocketmq.apache.org/docs/faq/
	at org.springframework.beans.factory.support.ConstructorResolver.instantiateUsingFactoryMethod(ConstructorResolver.java:599)
	at org.springframework.beans.factory.support.AbstractAutowireCapableBeanFactory.instantiateUsingFactoryMethod(AbstractAutowireCapableBeanFactory.java:1173)
	at org.springframework.beans.factory.support.AbstractAutowireCapableBeanFactory.createBeanInstance(AbstractAutowireCapableBeanFactory.java:1067)
	at org.springframework.beans.factory.support.AbstractAutowireCapableBeanFactory.doCreateBean(AbstractAutowireCapableBeanFactory.java:513)
	at org.springframework.beans.factory.support.AbstractAutowireCapableBeanFactory.createBean(AbstractAutowireCapableBeanFactory.java:483)
	at org.springframework.beans.factory.support.AbstractBeanFactory$1.getObject(AbstractBeanFactory.java:306)
	at org.springframework.beans.factory.support.DefaultSingletonBeanRegistry.getSingleton(DefaultSingletonBeanRegistry.java:230)
	at org.springframework.beans.factory.support.AbstractBeanFactory.doGetBean(AbstractBeanFactory.java:302)
	at org.springframework.beans.factory.support.AbstractBeanFactory.getBean(AbstractBeanFactory.java:197)
	at org.springframework.beans.factory.support.DefaultListableBeanFactory.preInstantiateSingletons(DefaultListableBeanFactory.java:761)
	at org.springframework.context.support.AbstractApplicationContext.finishBeanFactoryInitialization(AbstractApplicationContext.java:866)
	at org.springframework.context.support.AbstractApplicationContext.refresh(AbstractApplicationContext.java:542)
	at org.springframework.boot.context.embedded.EmbeddedWebApplicationContext.refresh(EmbeddedWebApplicationContext.java:122)
	at org.springframework.boot.SpringApplication.refresh(SpringApplication.java:737)
	at org.springframework.boot.SpringApplication.refreshContext(SpringApplication.java:370)
	at org.springframework.boot.SpringApplication.run(SpringApplication.java:314)
	at org.springframework.boot.SpringApplication.run(SpringApplication.java:1162)
	at org.springframework.boot.SpringApplication.run(SpringApplication.java:1151)
	at com.gwg.demo.Application.main(Application.java:31)
Caused by: org.springframework.beans.BeanInstantiationException: Failed to instantiate [org.apache.rocketmq.client.producer.DefaultMQProducer]: Factory method 'defaultMQProducer' threw exception; nested exception is org.apache.rocketmq.client.exception.MQClientException: the specified group[rocketmq.producer.producerGroup] contains illegal characters, allowing only ^[%|a-zA-Z0-9_-]+$
For more information, please visit the url, http://rocketmq.apache.org/docs/faq/
	at org.springframework.beans.factory.support.SimpleInstantiationStrategy.instantiate(SimpleInstantiationStrategy.java:189)
	at org.springframework.beans.factory.support.ConstructorResolver.instantiateUsingFactoryMethod(ConstructorResolver.java:588)
	... 18 common frames omitted
Caused by: org.apache.rocketmq.client.exception.MQClientException: the specified group[rocketmq.producer.producerGroup] contains illegal characters, allowing only ^[%|a-zA-Z0-9_-]+$
For more information, please visit the url, http://rocketmq.apache.org/docs/faq/
	at org.apache.rocketmq.client.Validators.checkGroup(Validators.java:57)
	at org.apache.rocketmq.client.impl.producer.DefaultMQProducerImpl.checkConfig(DefaultMQProducerImpl.java:187)
	at org.apache.rocketmq.client.impl.producer.DefaultMQProducerImpl.start(DefaultMQProducerImpl.java:146)
	at org.apache.rocketmq.client.impl.producer.DefaultMQProducerImpl.start(DefaultMQProducerImpl.java:138)
	at org.apache.rocketmq.client.producer.DefaultMQProducer.start(DefaultMQProducer.java:172)
	at com.gwg.demo.mq.config.RocketMQConfig.defaultMQProducer(RocketMQConfig.java:45)
	at com.gwg.demo.mq.config.RocketMQConfig$$EnhancerBySpringCGLIB$$5e38c2eb.CGLIB$defaultMQProducer$1(<generated>)
	at com.gwg.demo.mq.config.RocketMQConfig$$EnhancerBySpringCGLIB$$5e38c2eb$$FastClassBySpringCGLIB$$1b374db7.invoke(<generated>)
	at org.springframework.cglib.proxy.MethodProxy.invokeSuper(MethodProxy.java:228)
	at org.springframework.context.annotation.ConfigurationClassEnhancer$BeanMethodInterceptor.intercept(ConfigurationClassEnhancer.java:358)
	at com.gwg.demo.mq.config.RocketMQConfig$$EnhancerBySpringCGLIB$$5e38c2eb.defaultMQProducer(<generated>)
	at sun.reflect.NativeMethodAccessorImpl.invoke0(Native Method)
	at sun.reflect.NativeMethodAccessorImpl.invoke(NativeMethodAccessorImpl.java:62)
	at sun.reflect.DelegatingMethodAccessorImpl.invoke(DelegatingMethodAccessorImpl.java:43)
	at java.lang.reflect.Method.invoke(Method.java:497)
	at org.springframework.beans.factory.support.SimpleInstantiationStrategy.instantiate(SimpleInstantiationStrategy.java:162)
	... 19 common frames omitted
[ERROR] 2018-08-06 16:06:18.331 [main] [org.springframework.boot.SpringApplication]815 - Application startup failed 
org.springframework.beans.factory.BeanCreationException: Error creating bean with name 'defaultMQProducer' defined in class path resource [com/gwg/demo/mq/config/RocketMQConfig.class]: Bean instantiation via factory method failed; nested exception is org.springframework.beans.BeanInstantiationException: Failed to instantiate [org.apache.rocketmq.client.producer.DefaultMQProducer]: Factory method 'defaultMQProducer' threw exception; nested exception is org.apache.rocketmq.client.exception.MQClientException: the specified group[rocketmq.producer.producerGroup] contains illegal characters, allowing only ^[%|a-zA-Z0-9_-]+$
For more information, please visit the url, http://rocketmq.apache.org/docs/faq/
	at org.springframework.beans.factory.support.ConstructorResolver.instantiateUsingFactoryMethod(ConstructorResolver.java:599)
	at org.springframework.beans.factory.support.AbstractAutowireCapableBeanFactory.instantiateUsingFactoryMethod(AbstractAutowireCapableBeanFactory.java:1173)
	at org.springframework.beans.factory.support.AbstractAutowireCapableBeanFactory.createBeanInstance(AbstractAutowireCapableBeanFactory.java:1067)
	at org.springframework.beans.factory.support.AbstractAutowireCapableBeanFactory.doCreateBean(AbstractAutowireCapableBeanFactory.java:513)
	at org.springframework.beans.factory.support.AbstractAutowireCapableBeanFactory.createBean(AbstractAutowireCapableBeanFactory.java:483)
	at org.springframework.beans.factory.support.AbstractBeanFactory$1.getObject(AbstractBeanFactory.java:306)
	at org.springframework.beans.factory.support.DefaultSingletonBeanRegistry.getSingleton(DefaultSingletonBeanRegistry.java:230)
	at org.springframework.beans.factory.support.AbstractBeanFactory.doGetBean(AbstractBeanFactory.java:302)
	at org.springframework.beans.factory.support.AbstractBeanFactory.getBean(AbstractBeanFactory.java:197)
	at org.springframework.beans.factory.support.DefaultListableBeanFactory.preInstantiateSingletons(DefaultListableBeanFactory.java:761)
	at org.springframework.context.support.AbstractApplicationContext.finishBeanFactoryInitialization(AbstractApplicationContext.java:866)
	at org.springframework.context.support.AbstractApplicationContext.refresh(AbstractApplicationContext.java:542)
	at org.springframework.boot.context.embedded.EmbeddedWebApplicationContext.refresh(EmbeddedWebApplicationContext.java:122)
	at org.springframework.boot.SpringApplication.refresh(SpringApplication.java:737)
	at org.springframework.boot.SpringApplication.refreshContext(SpringApplication.java:370)
	at org.springframework.boot.SpringApplication.run(SpringApplication.java:314)
	at org.springframework.boot.SpringApplication.run(SpringApplication.java:1162)
	at org.springframework.boot.SpringApplication.run(SpringApplication.java:1151)
	at com.gwg.demo.Application.main(Application.java:31)
Caused by: org.springframework.beans.BeanInstantiationException: Failed to instantiate [org.apache.rocketmq.client.producer.DefaultMQProducer]: Factory method 'defaultMQProducer' threw exception; nested exception is org.apache.rocketmq.client.exception.MQClientException: the specified group[rocketmq.producer.producerGroup] contains illegal characters, allowing only ^[%|a-zA-Z0-9_-]+$
For more information, please visit the url, http://rocketmq.apache.org/docs/faq/
	at org.springframework.beans.factory.support.SimpleInstantiationStrategy.instantiate(SimpleInstantiationStrategy.java:189)
	at org.springframework.beans.factory.support.ConstructorResolver.instantiateUsingFactoryMethod(ConstructorResolver.java:588)
	... 18 common frames omitted
Caused by: org.apache.rocketmq.client.exception.MQClientException: the specified group[rocketmq.producer.producerGroup] contains illegal characters, allowing only ^[%|a-zA-Z0-9_-]+$
For more information, please visit the url, http://rocketmq.apache.org/docs/faq/
	at org.apache.rocketmq.client.Validators.checkGroup(Validators.java:57)
	at org.apache.rocketmq.client.impl.producer.DefaultMQProducerImpl.checkConfig(DefaultMQProducerImpl.java:187)
	at org.apache.rocketmq.client.impl.producer.DefaultMQProducerImpl.start(DefaultMQProducerImpl.java:146)
	at org.apache.rocketmq.client.impl.producer.DefaultMQProducerImpl.start(DefaultMQProducerImpl.java:138)
	at org.apache.rocketmq.client.producer.DefaultMQProducer.start(DefaultMQProducer.java:172)
	at com.gwg.demo.mq.config.RocketMQConfig.defaultMQProducer(RocketMQConfig.java:45)
	at com.gwg.demo.mq.config.RocketMQConfig$$EnhancerBySpringCGLIB$$5e38c2eb.CGLIB$defaultMQProducer$1(<generated>)
	at com.gwg.demo.mq.config.RocketMQConfig$$EnhancerBySpringCGLIB$$5e38c2eb$$FastClassBySpringCGLIB$$1b374db7.invoke(<generated>)
	at org.springframework.cglib.proxy.MethodProxy.invokeSuper(MethodProxy.java:228)
	at org.springframework.context.annotation.ConfigurationClassEnhancer$BeanMethodInterceptor.intercept(ConfigurationClassEnhancer.java:358)
	at com.gwg.demo.mq.config.RocketMQConfig$$EnhancerBySpringCGLIB$$5e38c2eb.defaultMQProducer(<generated>)
	at sun.reflect.NativeMethodAccessorImpl.invoke0(Native Method)
	at sun.reflect.NativeMethodAccessorImpl.invoke(NativeMethodAccessorImpl.java:62)
	at sun.reflect.DelegatingMethodAccessorImpl.invoke(DelegatingMethodAccessorImpl.java:43)
	at java.lang.reflect.Method.invoke(Method.java:497)
	at org.springframework.beans.factory.support.SimpleInstantiationStrategy.instantiate(SimpleInstantiationStrategy.java:162)
	... 19 common frames omitted
[ERROR] 2018-08-06 16:09:11.146 [main] [org.springframework.boot.SpringApplication]815 - Application startup failed 
org.springframework.beans.factory.BeanCreationException: Error creating bean with name 'defaultMQProducer' defined in class path resource [com/gwg/demo/mq/config/RocketMQConfig.class]: Bean instantiation via factory method failed; nested exception is org.springframework.beans.BeanInstantiationException: Failed to instantiate [org.apache.rocketmq.client.producer.DefaultMQProducer]: Factory method 'defaultMQProducer' threw exception; nested exception is org.apache.rocketmq.client.exception.MQClientException: the specified group[rocketmq.producer.producerGroup] contains illegal characters, allowing only ^[%|a-zA-Z0-9_-]+$
For more information, please visit the url, http://rocketmq.apache.org/docs/faq/
	at org.springframework.beans.factory.support.ConstructorResolver.instantiateUsingFactoryMethod(ConstructorResolver.java:599)
	at org.springframework.beans.factory.support.AbstractAutowireCapableBeanFactory.instantiateUsingFactoryMethod(AbstractAutowireCapableBeanFactory.java:1173)
	at org.springframework.beans.factory.support.AbstractAutowireCapableBeanFactory.createBeanInstance(AbstractAutowireCapableBeanFactory.java:1067)
	at org.springframework.beans.factory.support.AbstractAutowireCapableBeanFactory.doCreateBean(AbstractAutowireCapableBeanFactory.java:513)
	at org.springframework.beans.factory.support.AbstractAutowireCapableBeanFactory.createBean(AbstractAutowireCapableBeanFactory.java:483)
	at org.springframework.beans.factory.support.AbstractBeanFactory$1.getObject(AbstractBeanFactory.java:306)
	at org.springframework.beans.factory.support.DefaultSingletonBeanRegistry.getSingleton(DefaultSingletonBeanRegistry.java:230)
	at org.springframework.beans.factory.support.AbstractBeanFactory.doGetBean(AbstractBeanFactory.java:302)
	at org.springframework.beans.factory.support.AbstractBeanFactory.getBean(AbstractBeanFactory.java:197)
	at org.springframework.beans.factory.support.DefaultListableBeanFactory.preInstantiateSingletons(DefaultListableBeanFactory.java:761)
	at org.springframework.context.support.AbstractApplicationContext.finishBeanFactoryInitialization(AbstractApplicationContext.java:866)
	at org.springframework.context.support.AbstractApplicationContext.refresh(AbstractApplicationContext.java:542)
	at org.springframework.boot.context.embedded.EmbeddedWebApplicationContext.refresh(EmbeddedWebApplicationContext.java:122)
	at org.springframework.boot.SpringApplication.refresh(SpringApplication.java:737)
	at org.springframework.boot.SpringApplication.refreshContext(SpringApplication.java:370)
	at org.springframework.boot.SpringApplication.run(SpringApplication.java:314)
	at org.springframework.boot.SpringApplication.run(SpringApplication.java:1162)
	at org.springframework.boot.SpringApplication.run(SpringApplication.java:1151)
	at com.gwg.demo.Application.main(Application.java:31)
Caused by: org.springframework.beans.BeanInstantiationException: Failed to instantiate [org.apache.rocketmq.client.producer.DefaultMQProducer]: Factory method 'defaultMQProducer' threw exception; nested exception is org.apache.rocketmq.client.exception.MQClientException: the specified group[rocketmq.producer.producerGroup] contains illegal characters, allowing only ^[%|a-zA-Z0-9_-]+$
For more information, please visit the url, http://rocketmq.apache.org/docs/faq/
	at org.springframework.beans.factory.support.SimpleInstantiationStrategy.instantiate(SimpleInstantiationStrategy.java:189)
	at org.springframework.beans.factory.support.ConstructorResolver.instantiateUsingFactoryMethod(ConstructorResolver.java:588)
	... 18 common frames omitted
Caused by: org.apache.rocketmq.client.exception.MQClientException: the specified group[rocketmq.producer.producerGroup] contains illegal characters, allowing only ^[%|a-zA-Z0-9_-]+$
For more information, please visit the url, http://rocketmq.apache.org/docs/faq/
	at org.apache.rocketmq.client.Validators.checkGroup(Validators.java:57)
	at org.apache.rocketmq.client.impl.producer.DefaultMQProducerImpl.checkConfig(DefaultMQProducerImpl.java:187)
	at org.apache.rocketmq.client.impl.producer.DefaultMQProducerImpl.start(DefaultMQProducerImpl.java:146)
	at org.apache.rocketmq.client.impl.producer.DefaultMQProducerImpl.start(DefaultMQProducerImpl.java:138)
	at org.apache.rocketmq.client.producer.DefaultMQProducer.start(DefaultMQProducer.java:172)
	at com.gwg.demo.mq.config.RocketMQConfig.defaultMQProducer(RocketMQConfig.java:45)
	at com.gwg.demo.mq.config.RocketMQConfig$$EnhancerBySpringCGLIB$$bc5f0f26.CGLIB$defaultMQProducer$1(<generated>)
	at com.gwg.demo.mq.config.RocketMQConfig$$EnhancerBySpringCGLIB$$bc5f0f26$$FastClassBySpringCGLIB$$f9db32c2.invoke(<generated>)
	at org.springframework.cglib.proxy.MethodProxy.invokeSuper(MethodProxy.java:228)
	at org.springframework.context.annotation.ConfigurationClassEnhancer$BeanMethodInterceptor.intercept(ConfigurationClassEnhancer.java:358)
	at com.gwg.demo.mq.config.RocketMQConfig$$EnhancerBySpringCGLIB$$bc5f0f26.defaultMQProducer(<generated>)
	at sun.reflect.NativeMethodAccessorImpl.invoke0(Native Method)
	at sun.reflect.NativeMethodAccessorImpl.invoke(NativeMethodAccessorImpl.java:62)
	at sun.reflect.DelegatingMethodAccessorImpl.invoke(DelegatingMethodAccessorImpl.java:43)
	at java.lang.reflect.Method.invoke(Method.java:497)
	at org.springframework.beans.factory.support.SimpleInstantiationStrategy.instantiate(SimpleInstantiationStrategy.java:162)
	... 19 common frames omitted
[ERROR] 2018-08-06 16:09:11.146 [main] [org.springframework.boot.SpringApplication]815 - Application startup failed 
org.springframework.beans.factory.BeanCreationException: Error creating bean with name 'defaultMQProducer' defined in class path resource [com/gwg/demo/mq/config/RocketMQConfig.class]: Bean instantiation via factory method failed; nested exception is org.springframework.beans.BeanInstantiationException: Failed to instantiate [org.apache.rocketmq.client.producer.DefaultMQProducer]: Factory method 'defaultMQProducer' threw exception; nested exception is org.apache.rocketmq.client.exception.MQClientException: the specified group[rocketmq.producer.producerGroup] contains illegal characters, allowing only ^[%|a-zA-Z0-9_-]+$
For more information, please visit the url, http://rocketmq.apache.org/docs/faq/
	at org.springframework.beans.factory.support.ConstructorResolver.instantiateUsingFactoryMethod(ConstructorResolver.java:599)
	at org.springframework.beans.factory.support.AbstractAutowireCapableBeanFactory.instantiateUsingFactoryMethod(AbstractAutowireCapableBeanFactory.java:1173)
	at org.springframework.beans.factory.support.AbstractAutowireCapableBeanFactory.createBeanInstance(AbstractAutowireCapableBeanFactory.java:1067)
	at org.springframework.beans.factory.support.AbstractAutowireCapableBeanFactory.doCreateBean(AbstractAutowireCapableBeanFactory.java:513)
	at org.springframework.beans.factory.support.AbstractAutowireCapableBeanFactory.createBean(AbstractAutowireCapableBeanFactory.java:483)
	at org.springframework.beans.factory.support.AbstractBeanFactory$1.getObject(AbstractBeanFactory.java:306)
	at org.springframework.beans.factory.support.DefaultSingletonBeanRegistry.getSingleton(DefaultSingletonBeanRegistry.java:230)
	at org.springframework.beans.factory.support.AbstractBeanFactory.doGetBean(AbstractBeanFactory.java:302)
	at org.springframework.beans.factory.support.AbstractBeanFactory.getBean(AbstractBeanFactory.java:197)
	at org.springframework.beans.factory.support.DefaultListableBeanFactory.preInstantiateSingletons(DefaultListableBeanFactory.java:761)
	at org.springframework.context.support.AbstractApplicationContext.finishBeanFactoryInitialization(AbstractApplicationContext.java:866)
	at org.springframework.context.support.AbstractApplicationContext.refresh(AbstractApplicationContext.java:542)
	at org.springframework.boot.context.embedded.EmbeddedWebApplicationContext.refresh(EmbeddedWebApplicationContext.java:122)
	at org.springframework.boot.SpringApplication.refresh(SpringApplication.java:737)
	at org.springframework.boot.SpringApplication.refreshContext(SpringApplication.java:370)
	at org.springframework.boot.SpringApplication.run(SpringApplication.java:314)
	at org.springframework.boot.SpringApplication.run(SpringApplication.java:1162)
	at org.springframework.boot.SpringApplication.run(SpringApplication.java:1151)
	at com.gwg.demo.Application.main(Application.java:31)
Caused by: org.springframework.beans.BeanInstantiationException: Failed to instantiate [org.apache.rocketmq.client.producer.DefaultMQProducer]: Factory method 'defaultMQProducer' threw exception; nested exception is org.apache.rocketmq.client.exception.MQClientException: the specified group[rocketmq.producer.producerGroup] contains illegal characters, allowing only ^[%|a-zA-Z0-9_-]+$
For more information, please visit the url, http://rocketmq.apache.org/docs/faq/
	at org.springframework.beans.factory.support.SimpleInstantiationStrategy.instantiate(SimpleInstantiationStrategy.java:189)
	at org.springframework.beans.factory.support.ConstructorResolver.instantiateUsingFactoryMethod(ConstructorResolver.java:588)
	... 18 common frames omitted
Caused by: org.apache.rocketmq.client.exception.MQClientException: the specified group[rocketmq.producer.producerGroup] contains illegal characters, allowing only ^[%|a-zA-Z0-9_-]+$
For more information, please visit the url, http://rocketmq.apache.org/docs/faq/
	at org.apache.rocketmq.client.Validators.checkGroup(Validators.java:57)
	at org.apache.rocketmq.client.impl.producer.DefaultMQProducerImpl.checkConfig(DefaultMQProducerImpl.java:187)
	at org.apache.rocketmq.client.impl.producer.DefaultMQProducerImpl.start(DefaultMQProducerImpl.java:146)
	at org.apache.rocketmq.client.impl.producer.DefaultMQProducerImpl.start(DefaultMQProducerImpl.java:138)
	at org.apache.rocketmq.client.producer.DefaultMQProducer.start(DefaultMQProducer.java:172)
	at com.gwg.demo.mq.config.RocketMQConfig.defaultMQProducer(RocketMQConfig.java:45)
	at com.gwg.demo.mq.config.RocketMQConfig$$EnhancerBySpringCGLIB$$bc5f0f26.CGLIB$defaultMQProducer$1(<generated>)
	at com.gwg.demo.mq.config.RocketMQConfig$$EnhancerBySpringCGLIB$$bc5f0f26$$FastClassBySpringCGLIB$$f9db32c2.invoke(<generated>)
	at org.springframework.cglib.proxy.MethodProxy.invokeSuper(MethodProxy.java:228)
	at org.springframework.context.annotation.ConfigurationClassEnhancer$BeanMethodInterceptor.intercept(ConfigurationClassEnhancer.java:358)
	at com.gwg.demo.mq.config.RocketMQConfig$$EnhancerBySpringCGLIB$$bc5f0f26.defaultMQProducer(<generated>)
	at sun.reflect.NativeMethodAccessorImpl.invoke0(Native Method)
	at sun.reflect.NativeMethodAccessorImpl.invoke(NativeMethodAccessorImpl.java:62)
	at sun.reflect.DelegatingMethodAccessorImpl.invoke(DelegatingMethodAccessorImpl.java:43)
	at java.lang.reflect.Method.invoke(Method.java:497)
	at org.springframework.beans.factory.support.SimpleInstantiationStrategy.instantiate(SimpleInstantiationStrategy.java:162)
	... 19 common frames omitted
[ERROR] 2018-08-06 16:10:02.831 [main] [org.springframework.boot.SpringApplication]815 - Application startup failed 
org.springframework.beans.factory.BeanCreationException: Error creating bean with name 'defaultMQProducer' defined in class path resource [com/gwg/demo/mq/config/RocketMQConfig.class]: Bean instantiation via factory method failed; nested exception is org.springframework.beans.BeanInstantiationException: Failed to instantiate [org.apache.rocketmq.client.producer.DefaultMQProducer]: Factory method 'defaultMQProducer' threw exception; nested exception is org.apache.rocketmq.client.exception.MQClientException: the specified group[rocketmq.producer.producerGroup] contains illegal characters, allowing only ^[%|a-zA-Z0-9_-]+$
For more information, please visit the url, http://rocketmq.apache.org/docs/faq/
	at org.springframework.beans.factory.support.ConstructorResolver.instantiateUsingFactoryMethod(ConstructorResolver.java:599)
	at org.springframework.beans.factory.support.AbstractAutowireCapableBeanFactory.instantiateUsingFactoryMethod(AbstractAutowireCapableBeanFactory.java:1173)
	at org.springframework.beans.factory.support.AbstractAutowireCapableBeanFactory.createBeanInstance(AbstractAutowireCapableBeanFactory.java:1067)
	at org.springframework.beans.factory.support.AbstractAutowireCapableBeanFactory.doCreateBean(AbstractAutowireCapableBeanFactory.java:513)
	at org.springframework.beans.factory.support.AbstractAutowireCapableBeanFactory.createBean(AbstractAutowireCapableBeanFactory.java:483)
	at org.springframework.beans.factory.support.AbstractBeanFactory$1.getObject(AbstractBeanFactory.java:306)
	at org.springframework.beans.factory.support.DefaultSingletonBeanRegistry.getSingleton(DefaultSingletonBeanRegistry.java:230)
	at org.springframework.beans.factory.support.AbstractBeanFactory.doGetBean(AbstractBeanFactory.java:302)
	at org.springframework.beans.factory.support.AbstractBeanFactory.getBean(AbstractBeanFactory.java:197)
	at org.springframework.beans.factory.support.DefaultListableBeanFactory.preInstantiateSingletons(DefaultListableBeanFactory.java:761)
	at org.springframework.context.support.AbstractApplicationContext.finishBeanFactoryInitialization(AbstractApplicationContext.java:866)
	at org.springframework.context.support.AbstractApplicationContext.refresh(AbstractApplicationContext.java:542)
	at org.springframework.boot.context.embedded.EmbeddedWebApplicationContext.refresh(EmbeddedWebApplicationContext.java:122)
	at org.springframework.boot.SpringApplication.refresh(SpringApplication.java:737)
	at org.springframework.boot.SpringApplication.refreshContext(SpringApplication.java:370)
	at org.springframework.boot.SpringApplication.run(SpringApplication.java:314)
	at org.springframework.boot.SpringApplication.run(SpringApplication.java:1162)
	at org.springframework.boot.SpringApplication.run(SpringApplication.java:1151)
	at com.gwg.demo.Application.main(Application.java:31)
Caused by: org.springframework.beans.BeanInstantiationException: Failed to instantiate [org.apache.rocketmq.client.producer.DefaultMQProducer]: Factory method 'defaultMQProducer' threw exception; nested exception is org.apache.rocketmq.client.exception.MQClientException: the specified group[rocketmq.producer.producerGroup] contains illegal characters, allowing only ^[%|a-zA-Z0-9_-]+$
For more information, please visit the url, http://rocketmq.apache.org/docs/faq/
	at org.springframework.beans.factory.support.SimpleInstantiationStrategy.instantiate(SimpleInstantiationStrategy.java:189)
	at org.springframework.beans.factory.support.ConstructorResolver.instantiateUsingFactoryMethod(ConstructorResolver.java:588)
	... 18 common frames omitted
Caused by: org.apache.rocketmq.client.exception.MQClientException: the specified group[rocketmq.producer.producerGroup] contains illegal characters, allowing only ^[%|a-zA-Z0-9_-]+$
For more information, please visit the url, http://rocketmq.apache.org/docs/faq/
	at org.apache.rocketmq.client.Validators.checkGroup(Validators.java:57)
	at org.apache.rocketmq.client.impl.producer.DefaultMQProducerImpl.checkConfig(DefaultMQProducerImpl.java:187)
	at org.apache.rocketmq.client.impl.producer.DefaultMQProducerImpl.start(DefaultMQProducerImpl.java:146)
	at org.apache.rocketmq.client.impl.producer.DefaultMQProducerImpl.start(DefaultMQProducerImpl.java:138)
	at org.apache.rocketmq.client.producer.DefaultMQProducer.start(DefaultMQProducer.java:172)
	at com.gwg.demo.mq.config.RocketMQConfig.defaultMQProducer(RocketMQConfig.java:45)
	at com.gwg.demo.mq.config.RocketMQConfig$$EnhancerBySpringCGLIB$$64562509.CGLIB$defaultMQProducer$1(<generated>)
	at com.gwg.demo.mq.config.RocketMQConfig$$EnhancerBySpringCGLIB$$64562509$$FastClassBySpringCGLIB$$663e63e1.invoke(<generated>)
	at org.springframework.cglib.proxy.MethodProxy.invokeSuper(MethodProxy.java:228)
	at org.springframework.context.annotation.ConfigurationClassEnhancer$BeanMethodInterceptor.intercept(ConfigurationClassEnhancer.java:358)
	at com.gwg.demo.mq.config.RocketMQConfig$$EnhancerBySpringCGLIB$$64562509.defaultMQProducer(<generated>)
	at sun.reflect.NativeMethodAccessorImpl.invoke0(Native Method)
	at sun.reflect.NativeMethodAccessorImpl.invoke(NativeMethodAccessorImpl.java:62)
	at sun.reflect.DelegatingMethodAccessorImpl.invoke(DelegatingMethodAccessorImpl.java:43)
	at java.lang.reflect.Method.invoke(Method.java:497)
	at org.springframework.beans.factory.support.SimpleInstantiationStrategy.instantiate(SimpleInstantiationStrategy.java:162)
	... 19 common frames omitted
[ERROR] 2018-08-06 16:10:02.831 [main] [org.springframework.boot.SpringApplication]815 - Application startup failed 
org.springframework.beans.factory.BeanCreationException: Error creating bean with name 'defaultMQProducer' defined in class path resource [com/gwg/demo/mq/config/RocketMQConfig.class]: Bean instantiation via factory method failed; nested exception is org.springframework.beans.BeanInstantiationException: Failed to instantiate [org.apache.rocketmq.client.producer.DefaultMQProducer]: Factory method 'defaultMQProducer' threw exception; nested exception is org.apache.rocketmq.client.exception.MQClientException: the specified group[rocketmq.producer.producerGroup] contains illegal characters, allowing only ^[%|a-zA-Z0-9_-]+$
For more information, please visit the url, http://rocketmq.apache.org/docs/faq/
	at org.springframework.beans.factory.support.ConstructorResolver.instantiateUsingFactoryMethod(ConstructorResolver.java:599)
	at org.springframework.beans.factory.support.AbstractAutowireCapableBeanFactory.instantiateUsingFactoryMethod(AbstractAutowireCapableBeanFactory.java:1173)
	at org.springframework.beans.factory.support.AbstractAutowireCapableBeanFactory.createBeanInstance(AbstractAutowireCapableBeanFactory.java:1067)
	at org.springframework.beans.factory.support.AbstractAutowireCapableBeanFactory.doCreateBean(AbstractAutowireCapableBeanFactory.java:513)
	at org.springframework.beans.factory.support.AbstractAutowireCapableBeanFactory.createBean(AbstractAutowireCapableBeanFactory.java:483)
	at org.springframework.beans.factory.support.AbstractBeanFactory$1.getObject(AbstractBeanFactory.java:306)
	at org.springframework.beans.factory.support.DefaultSingletonBeanRegistry.getSingleton(DefaultSingletonBeanRegistry.java:230)
	at org.springframework.beans.factory.support.AbstractBeanFactory.doGetBean(AbstractBeanFactory.java:302)
	at org.springframework.beans.factory.support.AbstractBeanFactory.getBean(AbstractBeanFactory.java:197)
	at org.springframework.beans.factory.support.DefaultListableBeanFactory.preInstantiateSingletons(DefaultListableBeanFactory.java:761)
	at org.springframework.context.support.AbstractApplicationContext.finishBeanFactoryInitialization(AbstractApplicationContext.java:866)
	at org.springframework.context.support.AbstractApplicationContext.refresh(AbstractApplicationContext.java:542)
	at org.springframework.boot.context.embedded.EmbeddedWebApplicationContext.refresh(EmbeddedWebApplicationContext.java:122)
	at org.springframework.boot.SpringApplication.refresh(SpringApplication.java:737)
	at org.springframework.boot.SpringApplication.refreshContext(SpringApplication.java:370)
	at org.springframework.boot.SpringApplication.run(SpringApplication.java:314)
	at org.springframework.boot.SpringApplication.run(SpringApplication.java:1162)
	at org.springframework.boot.SpringApplication.run(SpringApplication.java:1151)
	at com.gwg.demo.Application.main(Application.java:31)
Caused by: org.springframework.beans.BeanInstantiationException: Failed to instantiate [org.apache.rocketmq.client.producer.DefaultMQProducer]: Factory method 'defaultMQProducer' threw exception; nested exception is org.apache.rocketmq.client.exception.MQClientException: the specified group[rocketmq.producer.producerGroup] contains illegal characters, allowing only ^[%|a-zA-Z0-9_-]+$
For more information, please visit the url, http://rocketmq.apache.org/docs/faq/
	at org.springframework.beans.factory.support.SimpleInstantiationStrategy.instantiate(SimpleInstantiationStrategy.java:189)
	at org.springframework.beans.factory.support.ConstructorResolver.instantiateUsingFactoryMethod(ConstructorResolver.java:588)
	... 18 common frames omitted
Caused by: org.apache.rocketmq.client.exception.MQClientException: the specified group[rocketmq.producer.producerGroup] contains illegal characters, allowing only ^[%|a-zA-Z0-9_-]+$
For more information, please visit the url, http://rocketmq.apache.org/docs/faq/
	at org.apache.rocketmq.client.Validators.checkGroup(Validators.java:57)
	at org.apache.rocketmq.client.impl.producer.DefaultMQProducerImpl.checkConfig(DefaultMQProducerImpl.java:187)
	at org.apache.rocketmq.client.impl.producer.DefaultMQProducerImpl.start(DefaultMQProducerImpl.java:146)
	at org.apache.rocketmq.client.impl.producer.DefaultMQProducerImpl.start(DefaultMQProducerImpl.java:138)
	at org.apache.rocketmq.client.producer.DefaultMQProducer.start(DefaultMQProducer.java:172)
	at com.gwg.demo.mq.config.RocketMQConfig.defaultMQProducer(RocketMQConfig.java:45)
	at com.gwg.demo.mq.config.RocketMQConfig$$EnhancerBySpringCGLIB$$64562509.CGLIB$defaultMQProducer$1(<generated>)
	at com.gwg.demo.mq.config.RocketMQConfig$$EnhancerBySpringCGLIB$$64562509$$FastClassBySpringCGLIB$$663e63e1.invoke(<generated>)
	at org.springframework.cglib.proxy.MethodProxy.invokeSuper(MethodProxy.java:228)
	at org.springframework.context.annotation.ConfigurationClassEnhancer$BeanMethodInterceptor.intercept(ConfigurationClassEnhancer.java:358)
	at com.gwg.demo.mq.config.RocketMQConfig$$EnhancerBySpringCGLIB$$64562509.defaultMQProducer(<generated>)
	at sun.reflect.NativeMethodAccessorImpl.invoke0(Native Method)
	at sun.reflect.NativeMethodAccessorImpl.invoke(NativeMethodAccessorImpl.java:62)
	at sun.reflect.DelegatingMethodAccessorImpl.invoke(DelegatingMethodAccessorImpl.java:43)
	at java.lang.reflect.Method.invoke(Method.java:497)
	at org.springframework.beans.factory.support.SimpleInstantiationStrategy.instantiate(SimpleInstantiationStrategy.java:162)
	... 19 common frames omitted
[ERROR] 2018-08-06 16:10:42.783 [main] [org.springframework.boot.SpringApplication]815 - Application startup failed 
org.springframework.beans.factory.BeanCreationException: Error creating bean with name 'defaultMQProducer' defined in class path resource [com/gwg/demo/mq/config/RocketMQConfig.class]: Bean instantiation via factory method failed; nested exception is org.springframework.beans.BeanInstantiationException: Failed to instantiate [org.apache.rocketmq.client.producer.DefaultMQProducer]: Factory method 'defaultMQProducer' threw exception; nested exception is org.apache.rocketmq.client.exception.MQClientException: the specified group[rocketmq.producer.producerGroup] contains illegal characters, allowing only ^[%|a-zA-Z0-9_-]+$
For more information, please visit the url, http://rocketmq.apache.org/docs/faq/
	at org.springframework.beans.factory.support.ConstructorResolver.instantiateUsingFactoryMethod(ConstructorResolver.java:599)
	at org.springframework.beans.factory.support.AbstractAutowireCapableBeanFactory.instantiateUsingFactoryMethod(AbstractAutowireCapableBeanFactory.java:1173)
	at org.springframework.beans.factory.support.AbstractAutowireCapableBeanFactory.createBeanInstance(AbstractAutowireCapableBeanFactory.java:1067)
	at org.springframework.beans.factory.support.AbstractAutowireCapableBeanFactory.doCreateBean(AbstractAutowireCapableBeanFactory.java:513)
	at org.springframework.beans.factory.support.AbstractAutowireCapableBeanFactory.createBean(AbstractAutowireCapableBeanFactory.java:483)
	at org.springframework.beans.factory.support.AbstractBeanFactory$1.getObject(AbstractBeanFactory.java:306)
	at org.springframework.beans.factory.support.DefaultSingletonBeanRegistry.getSingleton(DefaultSingletonBeanRegistry.java:230)
	at org.springframework.beans.factory.support.AbstractBeanFactory.doGetBean(AbstractBeanFactory.java:302)
	at org.springframework.beans.factory.support.AbstractBeanFactory.getBean(AbstractBeanFactory.java:197)
	at org.springframework.beans.factory.support.DefaultListableBeanFactory.preInstantiateSingletons(DefaultListableBeanFactory.java:761)
	at org.springframework.context.support.AbstractApplicationContext.finishBeanFactoryInitialization(AbstractApplicationContext.java:866)
	at org.springframework.context.support.AbstractApplicationContext.refresh(AbstractApplicationContext.java:542)
	at org.springframework.boot.context.embedded.EmbeddedWebApplicationContext.refresh(EmbeddedWebApplicationContext.java:122)
	at org.springframework.boot.SpringApplication.refresh(SpringApplication.java:737)
	at org.springframework.boot.SpringApplication.refreshContext(SpringApplication.java:370)
	at org.springframework.boot.SpringApplication.run(SpringApplication.java:314)
	at org.springframework.boot.SpringApplication.run(SpringApplication.java:1162)
	at org.springframework.boot.SpringApplication.run(SpringApplication.java:1151)
	at com.gwg.demo.Application.main(Application.java:31)
Caused by: org.springframework.beans.BeanInstantiationException: Failed to instantiate [org.apache.rocketmq.client.producer.DefaultMQProducer]: Factory method 'defaultMQProducer' threw exception; nested exception is org.apache.rocketmq.client.exception.MQClientException: the specified group[rocketmq.producer.producerGroup] contains illegal characters, allowing only ^[%|a-zA-Z0-9_-]+$
For more information, please visit the url, http://rocketmq.apache.org/docs/faq/
	at org.springframework.beans.factory.support.SimpleInstantiationStrategy.instantiate(SimpleInstantiationStrategy.java:189)
	at org.springframework.beans.factory.support.ConstructorResolver.instantiateUsingFactoryMethod(ConstructorResolver.java:588)
	... 18 common frames omitted
Caused by: org.apache.rocketmq.client.exception.MQClientException: the specified group[rocketmq.producer.producerGroup] contains illegal characters, allowing only ^[%|a-zA-Z0-9_-]+$
For more information, please visit the url, http://rocketmq.apache.org/docs/faq/
	at org.apache.rocketmq.client.Validators.checkGroup(Validators.java:57)
	at org.apache.rocketmq.client.impl.producer.DefaultMQProducerImpl.checkConfig(DefaultMQProducerImpl.java:187)
	at org.apache.rocketmq.client.impl.producer.DefaultMQProducerImpl.start(DefaultMQProducerImpl.java:146)
	at org.apache.rocketmq.client.impl.producer.DefaultMQProducerImpl.start(DefaultMQProducerImpl.java:138)
	at org.apache.rocketmq.client.producer.DefaultMQProducer.start(DefaultMQProducer.java:172)
	at com.gwg.demo.mq.config.RocketMQConfig.defaultMQProducer(RocketMQConfig.java:45)
	at com.gwg.demo.mq.config.RocketMQConfig$$EnhancerBySpringCGLIB$$64562509.CGLIB$defaultMQProducer$0(<generated>)
	at com.gwg.demo.mq.config.RocketMQConfig$$EnhancerBySpringCGLIB$$64562509$$FastClassBySpringCGLIB$$663e63e1.invoke(<generated>)
	at org.springframework.cglib.proxy.MethodProxy.invokeSuper(MethodProxy.java:228)
	at org.springframework.context.annotation.ConfigurationClassEnhancer$BeanMethodInterceptor.intercept(ConfigurationClassEnhancer.java:358)
	at com.gwg.demo.mq.config.RocketMQConfig$$EnhancerBySpringCGLIB$$64562509.defaultMQProducer(<generated>)
	at sun.reflect.NativeMethodAccessorImpl.invoke0(Native Method)
	at sun.reflect.NativeMethodAccessorImpl.invoke(NativeMethodAccessorImpl.java:62)
	at sun.reflect.DelegatingMethodAccessorImpl.invoke(DelegatingMethodAccessorImpl.java:43)
	at java.lang.reflect.Method.invoke(Method.java:497)
	at org.springframework.beans.factory.support.SimpleInstantiationStrategy.instantiate(SimpleInstantiationStrategy.java:162)
	... 19 common frames omitted
[ERROR] 2018-08-06 16:10:42.783 [main] [org.springframework.boot.SpringApplication]815 - Application startup failed 
org.springframework.beans.factory.BeanCreationException: Error creating bean with name 'defaultMQProducer' defined in class path resource [com/gwg/demo/mq/config/RocketMQConfig.class]: Bean instantiation via factory method failed; nested exception is org.springframework.beans.BeanInstantiationException: Failed to instantiate [org.apache.rocketmq.client.producer.DefaultMQProducer]: Factory method 'defaultMQProducer' threw exception; nested exception is org.apache.rocketmq.client.exception.MQClientException: the specified group[rocketmq.producer.producerGroup] contains illegal characters, allowing only ^[%|a-zA-Z0-9_-]+$
For more information, please visit the url, http://rocketmq.apache.org/docs/faq/
	at org.springframework.beans.factory.support.ConstructorResolver.instantiateUsingFactoryMethod(ConstructorResolver.java:599)
	at org.springframework.beans.factory.support.AbstractAutowireCapableBeanFactory.instantiateUsingFactoryMethod(AbstractAutowireCapableBeanFactory.java:1173)
	at org.springframework.beans.factory.support.AbstractAutowireCapableBeanFactory.createBeanInstance(AbstractAutowireCapableBeanFactory.java:1067)
	at org.springframework.beans.factory.support.AbstractAutowireCapableBeanFactory.doCreateBean(AbstractAutowireCapableBeanFactory.java:513)
	at org.springframework.beans.factory.support.AbstractAutowireCapableBeanFactory.createBean(AbstractAutowireCapableBeanFactory.java:483)
	at org.springframework.beans.factory.support.AbstractBeanFactory$1.getObject(AbstractBeanFactory.java:306)
	at org.springframework.beans.factory.support.DefaultSingletonBeanRegistry.getSingleton(DefaultSingletonBeanRegistry.java:230)
	at org.springframework.beans.factory.support.AbstractBeanFactory.doGetBean(AbstractBeanFactory.java:302)
	at org.springframework.beans.factory.support.AbstractBeanFactory.getBean(AbstractBeanFactory.java:197)
	at org.springframework.beans.factory.support.DefaultListableBeanFactory.preInstantiateSingletons(DefaultListableBeanFactory.java:761)
	at org.springframework.context.support.AbstractApplicationContext.finishBeanFactoryInitialization(AbstractApplicationContext.java:866)
	at org.springframework.context.support.AbstractApplicationContext.refresh(AbstractApplicationContext.java:542)
	at org.springframework.boot.context.embedded.EmbeddedWebApplicationContext.refresh(EmbeddedWebApplicationContext.java:122)
	at org.springframework.boot.SpringApplication.refresh(SpringApplication.java:737)
	at org.springframework.boot.SpringApplication.refreshContext(SpringApplication.java:370)
	at org.springframework.boot.SpringApplication.run(SpringApplication.java:314)
	at org.springframework.boot.SpringApplication.run(SpringApplication.java:1162)
	at org.springframework.boot.SpringApplication.run(SpringApplication.java:1151)
	at com.gwg.demo.Application.main(Application.java:31)
Caused by: org.springframework.beans.BeanInstantiationException: Failed to instantiate [org.apache.rocketmq.client.producer.DefaultMQProducer]: Factory method 'defaultMQProducer' threw exception; nested exception is org.apache.rocketmq.client.exception.MQClientException: the specified group[rocketmq.producer.producerGroup] contains illegal characters, allowing only ^[%|a-zA-Z0-9_-]+$
For more information, please visit the url, http://rocketmq.apache.org/docs/faq/
	at org.springframework.beans.factory.support.SimpleInstantiationStrategy.instantiate(SimpleInstantiationStrategy.java:189)
	at org.springframework.beans.factory.support.ConstructorResolver.instantiateUsingFactoryMethod(ConstructorResolver.java:588)
	... 18 common frames omitted
Caused by: org.apache.rocketmq.client.exception.MQClientException: the specified group[rocketmq.producer.producerGroup] contains illegal characters, allowing only ^[%|a-zA-Z0-9_-]+$
For more information, please visit the url, http://rocketmq.apache.org/docs/faq/
	at org.apache.rocketmq.client.Validators.checkGroup(Validators.java:57)
	at org.apache.rocketmq.client.impl.producer.DefaultMQProducerImpl.checkConfig(DefaultMQProducerImpl.java:187)
	at org.apache.rocketmq.client.impl.producer.DefaultMQProducerImpl.start(DefaultMQProducerImpl.java:146)
	at org.apache.rocketmq.client.impl.producer.DefaultMQProducerImpl.start(DefaultMQProducerImpl.java:138)
	at org.apache.rocketmq.client.producer.DefaultMQProducer.start(DefaultMQProducer.java:172)
	at com.gwg.demo.mq.config.RocketMQConfig.defaultMQProducer(RocketMQConfig.java:45)
	at com.gwg.demo.mq.config.RocketMQConfig$$EnhancerBySpringCGLIB$$64562509.CGLIB$defaultMQProducer$0(<generated>)
	at com.gwg.demo.mq.config.RocketMQConfig$$EnhancerBySpringCGLIB$$64562509$$FastClassBySpringCGLIB$$663e63e1.invoke(<generated>)
	at org.springframework.cglib.proxy.MethodProxy.invokeSuper(MethodProxy.java:228)
	at org.springframework.context.annotation.ConfigurationClassEnhancer$BeanMethodInterceptor.intercept(ConfigurationClassEnhancer.java:358)
	at com.gwg.demo.mq.config.RocketMQConfig$$EnhancerBySpringCGLIB$$64562509.defaultMQProducer(<generated>)
	at sun.reflect.NativeMethodAccessorImpl.invoke0(Native Method)
	at sun.reflect.NativeMethodAccessorImpl.invoke(NativeMethodAccessorImpl.java:62)
	at sun.reflect.DelegatingMethodAccessorImpl.invoke(DelegatingMethodAccessorImpl.java:43)
	at java.lang.reflect.Method.invoke(Method.java:497)
	at org.springframework.beans.factory.support.SimpleInstantiationStrategy.instantiate(SimpleInstantiationStrategy.java:162)
	... 19 common frames omitted
[ERROR] 2018-08-06 16:13:53.703 [main] [org.springframework.boot.SpringApplication]815 - Application startup failed 
org.springframework.beans.factory.BeanCreationException: Error creating bean with name 'defaultMQProducer' defined in class path resource [com/gwg/demo/mq/config/RocketMQConfig.class]: Bean instantiation via factory method failed; nested exception is org.springframework.beans.BeanInstantiationException: Failed to instantiate [org.apache.rocketmq.client.producer.DefaultMQProducer]: Factory method 'defaultMQProducer' threw exception; nested exception is org.apache.rocketmq.client.exception.MQClientException: the specified group[rocketmq.producer.producerGroup] contains illegal characters, allowing only ^[%|a-zA-Z0-9_-]+$
For more information, please visit the url, http://rocketmq.apache.org/docs/faq/
	at org.springframework.beans.factory.support.ConstructorResolver.instantiateUsingFactoryMethod(ConstructorResolver.java:599)
	at org.springframework.beans.factory.support.AbstractAutowireCapableBeanFactory.instantiateUsingFactoryMethod(AbstractAutowireCapableBeanFactory.java:1173)
	at org.springframework.beans.factory.support.AbstractAutowireCapableBeanFactory.createBeanInstance(AbstractAutowireCapableBeanFactory.java:1067)
	at org.springframework.beans.factory.support.AbstractAutowireCapableBeanFactory.doCreateBean(AbstractAutowireCapableBeanFactory.java:513)
	at org.springframework.beans.factory.support.AbstractAutowireCapableBeanFactory.createBean(AbstractAutowireCapableBeanFactory.java:483)
	at org.springframework.beans.factory.support.AbstractBeanFactory$1.getObject(AbstractBeanFactory.java:306)
	at org.springframework.beans.factory.support.DefaultSingletonBeanRegistry.getSingleton(DefaultSingletonBeanRegistry.java:230)
	at org.springframework.beans.factory.support.AbstractBeanFactory.doGetBean(AbstractBeanFactory.java:302)
	at org.springframework.beans.factory.support.AbstractBeanFactory.getBean(AbstractBeanFactory.java:197)
	at org.springframework.beans.factory.support.DefaultListableBeanFactory.preInstantiateSingletons(DefaultListableBeanFactory.java:761)
	at org.springframework.context.support.AbstractApplicationContext.finishBeanFactoryInitialization(AbstractApplicationContext.java:866)
	at org.springframework.context.support.AbstractApplicationContext.refresh(AbstractApplicationContext.java:542)
	at org.springframework.boot.context.embedded.EmbeddedWebApplicationContext.refresh(EmbeddedWebApplicationContext.java:122)
	at org.springframework.boot.SpringApplication.refresh(SpringApplication.java:737)
	at org.springframework.boot.SpringApplication.refreshContext(SpringApplication.java:370)
	at org.springframework.boot.SpringApplication.run(SpringApplication.java:314)
	at org.springframework.boot.SpringApplication.run(SpringApplication.java:1162)
	at org.springframework.boot.SpringApplication.run(SpringApplication.java:1151)
	at com.gwg.demo.Application.main(Application.java:20)
Caused by: org.springframework.beans.BeanInstantiationException: Failed to instantiate [org.apache.rocketmq.client.producer.DefaultMQProducer]: Factory method 'defaultMQProducer' threw exception; nested exception is org.apache.rocketmq.client.exception.MQClientException: the specified group[rocketmq.producer.producerGroup] contains illegal characters, allowing only ^[%|a-zA-Z0-9_-]+$
For more information, please visit the url, http://rocketmq.apache.org/docs/faq/
	at org.springframework.beans.factory.support.SimpleInstantiationStrategy.instantiate(SimpleInstantiationStrategy.java:189)
	at org.springframework.beans.factory.support.ConstructorResolver.instantiateUsingFactoryMethod(ConstructorResolver.java:588)
	... 18 common frames omitted
Caused by: org.apache.rocketmq.client.exception.MQClientException: the specified group[rocketmq.producer.producerGroup] contains illegal characters, allowing only ^[%|a-zA-Z0-9_-]+$
For more information, please visit the url, http://rocketmq.apache.org/docs/faq/
	at org.apache.rocketmq.client.Validators.checkGroup(Validators.java:57)
	at org.apache.rocketmq.client.impl.producer.DefaultMQProducerImpl.checkConfig(DefaultMQProducerImpl.java:187)
	at org.apache.rocketmq.client.impl.producer.DefaultMQProducerImpl.start(DefaultMQProducerImpl.java:146)
	at org.apache.rocketmq.client.impl.producer.DefaultMQProducerImpl.start(DefaultMQProducerImpl.java:138)
	at org.apache.rocketmq.client.producer.DefaultMQProducer.start(DefaultMQProducer.java:172)
	at com.gwg.demo.mq.config.RocketMQConfig.defaultMQProducer(RocketMQConfig.java:45)
	at com.gwg.demo.mq.config.RocketMQConfig$$EnhancerBySpringCGLIB$$c78070fb.CGLIB$defaultMQProducer$1(<generated>)
	at com.gwg.demo.mq.config.RocketMQConfig$$EnhancerBySpringCGLIB$$c78070fb$$FastClassBySpringCGLIB$$4c522f77.invoke(<generated>)
	at org.springframework.cglib.proxy.MethodProxy.invokeSuper(MethodProxy.java:228)
	at org.springframework.context.annotation.ConfigurationClassEnhancer$BeanMethodInterceptor.intercept(ConfigurationClassEnhancer.java:358)
	at com.gwg.demo.mq.config.RocketMQConfig$$EnhancerBySpringCGLIB$$c78070fb.defaultMQProducer(<generated>)
	at sun.reflect.NativeMethodAccessorImpl.invoke0(Native Method)
	at sun.reflect.NativeMethodAccessorImpl.invoke(NativeMethodAccessorImpl.java:62)
	at sun.reflect.DelegatingMethodAccessorImpl.invoke(DelegatingMethodAccessorImpl.java:43)
	at java.lang.reflect.Method.invoke(Method.java:497)
	at org.springframework.beans.factory.support.SimpleInstantiationStrategy.instantiate(SimpleInstantiationStrategy.java:162)
	... 19 common frames omitted
[ERROR] 2018-08-06 16:13:53.703 [main] [org.springframework.boot.SpringApplication]815 - Application startup failed 
org.springframework.beans.factory.BeanCreationException: Error creating bean with name 'defaultMQProducer' defined in class path resource [com/gwg/demo/mq/config/RocketMQConfig.class]: Bean instantiation via factory method failed; nested exception is org.springframework.beans.BeanInstantiationException: Failed to instantiate [org.apache.rocketmq.client.producer.DefaultMQProducer]: Factory method 'defaultMQProducer' threw exception; nested exception is org.apache.rocketmq.client.exception.MQClientException: the specified group[rocketmq.producer.producerGroup] contains illegal characters, allowing only ^[%|a-zA-Z0-9_-]+$
For more information, please visit the url, http://rocketmq.apache.org/docs/faq/
	at org.springframework.beans.factory.support.ConstructorResolver.instantiateUsingFactoryMethod(ConstructorResolver.java:599)
	at org.springframework.beans.factory.support.AbstractAutowireCapableBeanFactory.instantiateUsingFactoryMethod(AbstractAutowireCapableBeanFactory.java:1173)
	at org.springframework.beans.factory.support.AbstractAutowireCapableBeanFactory.createBeanInstance(AbstractAutowireCapableBeanFactory.java:1067)
	at org.springframework.beans.factory.support.AbstractAutowireCapableBeanFactory.doCreateBean(AbstractAutowireCapableBeanFactory.java:513)
	at org.springframework.beans.factory.support.AbstractAutowireCapableBeanFactory.createBean(AbstractAutowireCapableBeanFactory.java:483)
	at org.springframework.beans.factory.support.AbstractBeanFactory$1.getObject(AbstractBeanFactory.java:306)
	at org.springframework.beans.factory.support.DefaultSingletonBeanRegistry.getSingleton(DefaultSingletonBeanRegistry.java:230)
	at org.springframework.beans.factory.support.AbstractBeanFactory.doGetBean(AbstractBeanFactory.java:302)
	at org.springframework.beans.factory.support.AbstractBeanFactory.getBean(AbstractBeanFactory.java:197)
	at org.springframework.beans.factory.support.DefaultListableBeanFactory.preInstantiateSingletons(DefaultListableBeanFactory.java:761)
	at org.springframework.context.support.AbstractApplicationContext.finishBeanFactoryInitialization(AbstractApplicationContext.java:866)
	at org.springframework.context.support.AbstractApplicationContext.refresh(AbstractApplicationContext.java:542)
	at org.springframework.boot.context.embedded.EmbeddedWebApplicationContext.refresh(EmbeddedWebApplicationContext.java:122)
	at org.springframework.boot.SpringApplication.refresh(SpringApplication.java:737)
	at org.springframework.boot.SpringApplication.refreshContext(SpringApplication.java:370)
	at org.springframework.boot.SpringApplication.run(SpringApplication.java:314)
	at org.springframework.boot.SpringApplication.run(SpringApplication.java:1162)
	at org.springframework.boot.SpringApplication.run(SpringApplication.java:1151)
	at com.gwg.demo.Application.main(Application.java:20)
Caused by: org.springframework.beans.BeanInstantiationException: Failed to instantiate [org.apache.rocketmq.client.producer.DefaultMQProducer]: Factory method 'defaultMQProducer' threw exception; nested exception is org.apache.rocketmq.client.exception.MQClientException: the specified group[rocketmq.producer.producerGroup] contains illegal characters, allowing only ^[%|a-zA-Z0-9_-]+$
For more information, please visit the url, http://rocketmq.apache.org/docs/faq/
	at org.springframework.beans.factory.support.SimpleInstantiationStrategy.instantiate(SimpleInstantiationStrategy.java:189)
	at org.springframework.beans.factory.support.ConstructorResolver.instantiateUsingFactoryMethod(ConstructorResolver.java:588)
	... 18 common frames omitted
Caused by: org.apache.rocketmq.client.exception.MQClientException: the specified group[rocketmq.producer.producerGroup] contains illegal characters, allowing only ^[%|a-zA-Z0-9_-]+$
For more information, please visit the url, http://rocketmq.apache.org/docs/faq/
	at org.apache.rocketmq.client.Validators.checkGroup(Validators.java:57)
	at org.apache.rocketmq.client.impl.producer.DefaultMQProducerImpl.checkConfig(DefaultMQProducerImpl.java:187)
	at org.apache.rocketmq.client.impl.producer.DefaultMQProducerImpl.start(DefaultMQProducerImpl.java:146)
	at org.apache.rocketmq.client.impl.producer.DefaultMQProducerImpl.start(DefaultMQProducerImpl.java:138)
	at org.apache.rocketmq.client.producer.DefaultMQProducer.start(DefaultMQProducer.java:172)
	at com.gwg.demo.mq.config.RocketMQConfig.defaultMQProducer(RocketMQConfig.java:45)
	at com.gwg.demo.mq.config.RocketMQConfig$$EnhancerBySpringCGLIB$$c78070fb.CGLIB$defaultMQProducer$1(<generated>)
	at com.gwg.demo.mq.config.RocketMQConfig$$EnhancerBySpringCGLIB$$c78070fb$$FastClassBySpringCGLIB$$4c522f77.invoke(<generated>)
	at org.springframework.cglib.proxy.MethodProxy.invokeSuper(MethodProxy.java:228)
	at org.springframework.context.annotation.ConfigurationClassEnhancer$BeanMethodInterceptor.intercept(ConfigurationClassEnhancer.java:358)
	at com.gwg.demo.mq.config.RocketMQConfig$$EnhancerBySpringCGLIB$$c78070fb.defaultMQProducer(<generated>)
	at sun.reflect.NativeMethodAccessorImpl.invoke0(Native Method)
	at sun.reflect.NativeMethodAccessorImpl.invoke(NativeMethodAccessorImpl.java:62)
	at sun.reflect.DelegatingMethodAccessorImpl.invoke(DelegatingMethodAccessorImpl.java:43)
	at java.lang.reflect.Method.invoke(Method.java:497)
	at org.springframework.beans.factory.support.SimpleInstantiationStrategy.instantiate(SimpleInstantiationStrategy.java:162)
	... 19 common frames omitted
[ERROR] 2018-08-06 16:16:39.159 [main] [org.apache.juli.logging.DirectJDKLog]181 - Failed to start end point associated with ProtocolHandler ["http-nio-8080"] 
java.net.BindException: Address already in use: bind
	at sun.nio.ch.Net.bind0(Native Method)
	at sun.nio.ch.Net.bind(Net.java:433)
	at sun.nio.ch.Net.bind(Net.java:425)
	at sun.nio.ch.ServerSocketChannelImpl.bind(ServerSocketChannelImpl.java:223)
	at sun.nio.ch.ServerSocketAdaptor.bind(ServerSocketAdaptor.java:74)
	at org.apache.tomcat.util.net.NioEndpoint.bind(NioEndpoint.java:210)
	at org.apache.tomcat.util.net.AbstractEndpoint.start(AbstractEndpoint.java:978)
	at org.apache.coyote.AbstractProtocol.start(AbstractProtocol.java:628)
	at org.apache.catalina.connector.Connector.startInternal(Connector.java:993)
	at org.apache.catalina.util.LifecycleBase.start(LifecycleBase.java:150)
	at org.apache.catalina.core.StandardService.addConnector(StandardService.java:225)
	at org.springframework.boot.context.embedded.tomcat.TomcatEmbeddedServletContainer.addPreviouslyRemovedConnectors(TomcatEmbeddedServletContainer.java:247)
	at org.springframework.boot.context.embedded.tomcat.TomcatEmbeddedServletContainer.start(TomcatEmbeddedServletContainer.java:190)
	at org.springframework.boot.context.embedded.EmbeddedWebApplicationContext.startEmbeddedServletContainer(EmbeddedWebApplicationContext.java:297)
	at org.springframework.boot.context.embedded.EmbeddedWebApplicationContext.finishRefresh(EmbeddedWebApplicationContext.java:145)
	at org.springframework.context.support.AbstractApplicationContext.refresh(AbstractApplicationContext.java:545)
	at org.springframework.boot.context.embedded.EmbeddedWebApplicationContext.refresh(EmbeddedWebApplicationContext.java:122)
	at org.springframework.boot.SpringApplication.refresh(SpringApplication.java:737)
	at org.springframework.boot.SpringApplication.refreshContext(SpringApplication.java:370)
	at org.springframework.boot.SpringApplication.run(SpringApplication.java:314)
	at org.springframework.boot.SpringApplication.run(SpringApplication.java:1162)
	at org.springframework.boot.SpringApplication.run(SpringApplication.java:1151)
	at com.gwg.demo.Application.main(Application.java:20)
[ERROR] 2018-08-06 16:16:39.159 [main] [org.apache.juli.logging.DirectJDKLog]181 - Failed to start end point associated with ProtocolHandler ["http-nio-8080"] 
java.net.BindException: Address already in use: bind
	at sun.nio.ch.Net.bind0(Native Method)
	at sun.nio.ch.Net.bind(Net.java:433)
	at sun.nio.ch.Net.bind(Net.java:425)
	at sun.nio.ch.ServerSocketChannelImpl.bind(ServerSocketChannelImpl.java:223)
	at sun.nio.ch.ServerSocketAdaptor.bind(ServerSocketAdaptor.java:74)
	at org.apache.tomcat.util.net.NioEndpoint.bind(NioEndpoint.java:210)
	at org.apache.tomcat.util.net.AbstractEndpoint.start(AbstractEndpoint.java:978)
	at org.apache.coyote.AbstractProtocol.start(AbstractProtocol.java:628)
	at org.apache.catalina.connector.Connector.startInternal(Connector.java:993)
	at org.apache.catalina.util.LifecycleBase.start(LifecycleBase.java:150)
	at org.apache.catalina.core.StandardService.addConnector(StandardService.java:225)
	at org.springframework.boot.context.embedded.tomcat.TomcatEmbeddedServletContainer.addPreviouslyRemovedConnectors(TomcatEmbeddedServletContainer.java:247)
	at org.springframework.boot.context.embedded.tomcat.TomcatEmbeddedServletContainer.start(TomcatEmbeddedServletContainer.java:190)
	at org.springframework.boot.context.embedded.EmbeddedWebApplicationContext.startEmbeddedServletContainer(EmbeddedWebApplicationContext.java:297)
	at org.springframework.boot.context.embedded.EmbeddedWebApplicationContext.finishRefresh(EmbeddedWebApplicationContext.java:145)
	at org.springframework.context.support.AbstractApplicationContext.refresh(AbstractApplicationContext.java:545)
	at org.springframework.boot.context.embedded.EmbeddedWebApplicationContext.refresh(EmbeddedWebApplicationContext.java:122)
	at org.springframework.boot.SpringApplication.refresh(SpringApplication.java:737)
	at org.springframework.boot.SpringApplication.refreshContext(SpringApplication.java:370)
	at org.springframework.boot.SpringApplication.run(SpringApplication.java:314)
	at org.springframework.boot.SpringApplication.run(SpringApplication.java:1162)
	at org.springframework.boot.SpringApplication.run(SpringApplication.java:1151)
	at com.gwg.demo.Application.main(Application.java:20)
[ERROR] 2018-08-06 16:16:39.161 [main] [org.apache.juli.logging.DirectJDKLog]181 - Failed to start connector [Connector[HTTP/1.1-8080]] 
org.apache.catalina.LifecycleException: Failed to start component [Connector[HTTP/1.1-8080]]
	at org.apache.catalina.util.LifecycleBase.start(LifecycleBase.java:167)
	at org.apache.catalina.core.StandardService.addConnector(StandardService.java:225)
	at org.springframework.boot.context.embedded.tomcat.TomcatEmbeddedServletContainer.addPreviouslyRemovedConnectors(TomcatEmbeddedServletContainer.java:247)
	at org.springframework.boot.context.embedded.tomcat.TomcatEmbeddedServletContainer.start(TomcatEmbeddedServletContainer.java:190)
	at org.springframework.boot.context.embedded.EmbeddedWebApplicationContext.startEmbeddedServletContainer(EmbeddedWebApplicationContext.java:297)
	at org.springframework.boot.context.embedded.EmbeddedWebApplicationContext.finishRefresh(EmbeddedWebApplicationContext.java:145)
	at org.springframework.context.support.AbstractApplicationContext.refresh(AbstractApplicationContext.java:545)
	at org.springframework.boot.context.embedded.EmbeddedWebApplicationContext.refresh(EmbeddedWebApplicationContext.java:122)
	at org.springframework.boot.SpringApplication.refresh(SpringApplication.java:737)
	at org.springframework.boot.SpringApplication.refreshContext(SpringApplication.java:370)
	at org.springframework.boot.SpringApplication.run(SpringApplication.java:314)
	at org.springframework.boot.SpringApplication.run(SpringApplication.java:1162)
	at org.springframework.boot.SpringApplication.run(SpringApplication.java:1151)
	at com.gwg.demo.Application.main(Application.java:20)
Caused by: org.apache.catalina.LifecycleException: service.getName(): "Tomcat";  Protocol handler start failed
	at org.apache.catalina.connector.Connector.startInternal(Connector.java:1000)
	at org.apache.catalina.util.LifecycleBase.start(LifecycleBase.java:150)
	... 13 common frames omitted
Caused by: java.net.BindException: Address already in use: bind
	at sun.nio.ch.Net.bind0(Native Method)
	at sun.nio.ch.Net.bind(Net.java:433)
	at sun.nio.ch.Net.bind(Net.java:425)
	at sun.nio.ch.ServerSocketChannelImpl.bind(ServerSocketChannelImpl.java:223)
	at sun.nio.ch.ServerSocketAdaptor.bind(ServerSocketAdaptor.java:74)
	at org.apache.tomcat.util.net.NioEndpoint.bind(NioEndpoint.java:210)
	at org.apache.tomcat.util.net.AbstractEndpoint.start(AbstractEndpoint.java:978)
	at org.apache.coyote.AbstractProtocol.start(AbstractProtocol.java:628)
	at org.apache.catalina.connector.Connector.startInternal(Connector.java:993)
	... 14 common frames omitted
[ERROR] 2018-08-06 16:16:39.161 [main] [org.apache.juli.logging.DirectJDKLog]181 - Failed to start connector [Connector[HTTP/1.1-8080]] 
org.apache.catalina.LifecycleException: Failed to start component [Connector[HTTP/1.1-8080]]
	at org.apache.catalina.util.LifecycleBase.start(LifecycleBase.java:167)
	at org.apache.catalina.core.StandardService.addConnector(StandardService.java:225)
	at org.springframework.boot.context.embedded.tomcat.TomcatEmbeddedServletContainer.addPreviouslyRemovedConnectors(TomcatEmbeddedServletContainer.java:247)
	at org.springframework.boot.context.embedded.tomcat.TomcatEmbeddedServletContainer.start(TomcatEmbeddedServletContainer.java:190)
	at org.springframework.boot.context.embedded.EmbeddedWebApplicationContext.startEmbeddedServletContainer(EmbeddedWebApplicationContext.java:297)
	at org.springframework.boot.context.embedded.EmbeddedWebApplicationContext.finishRefresh(EmbeddedWebApplicationContext.java:145)
	at org.springframework.context.support.AbstractApplicationContext.refresh(AbstractApplicationContext.java:545)
	at org.springframework.boot.context.embedded.EmbeddedWebApplicationContext.refresh(EmbeddedWebApplicationContext.java:122)
	at org.springframework.boot.SpringApplication.refresh(SpringApplication.java:737)
	at org.springframework.boot.SpringApplication.refreshContext(SpringApplication.java:370)
	at org.springframework.boot.SpringApplication.run(SpringApplication.java:314)
	at org.springframework.boot.SpringApplication.run(SpringApplication.java:1162)
	at org.springframework.boot.SpringApplication.run(SpringApplication.java:1151)
	at com.gwg.demo.Application.main(Application.java:20)
Caused by: org.apache.catalina.LifecycleException: service.getName(): "Tomcat";  Protocol handler start failed
	at org.apache.catalina.connector.Connector.startInternal(Connector.java:1000)
	at org.apache.catalina.util.LifecycleBase.start(LifecycleBase.java:150)
	... 13 common frames omitted
Caused by: java.net.BindException: Address already in use: bind
	at sun.nio.ch.Net.bind0(Native Method)
	at sun.nio.ch.Net.bind(Net.java:433)
	at sun.nio.ch.Net.bind(Net.java:425)
	at sun.nio.ch.ServerSocketChannelImpl.bind(ServerSocketChannelImpl.java:223)
	at sun.nio.ch.ServerSocketAdaptor.bind(ServerSocketAdaptor.java:74)
	at org.apache.tomcat.util.net.NioEndpoint.bind(NioEndpoint.java:210)
	at org.apache.tomcat.util.net.AbstractEndpoint.start(AbstractEndpoint.java:978)
	at org.apache.coyote.AbstractProtocol.start(AbstractProtocol.java:628)
	at org.apache.catalina.connector.Connector.startInternal(Connector.java:993)
	... 14 common frames omitted
[ERROR] 2018-08-06 16:16:39.190 [main] [org.springframework.boot.diagnostics.LoggingFailureAnalysisReporter]42 - 

***************************
APPLICATION FAILED TO START
***************************

Description:

The Tomcat connector configured to listen on port 8080 failed to start. The port may already be in use or the connector may be misconfigured.

Action:

Verify the connector's configuration, identify and stop any process that's listening on port 8080, or configure this application to listen on another port.
 
[ERROR] 2018-08-06 16:16:39.190 [main] [org.springframework.boot.diagnostics.LoggingFailureAnalysisReporter]42 - 

***************************
APPLICATION FAILED TO START
***************************

Description:

The Tomcat connector configured to listen on port 8080 failed to start. The port may already be in use or the connector may be misconfigured.

Action:

Verify the connector's configuration, identify and stop any process that's listening on port 8080, or configure this application to listen on another port.
 
[ERROR] 2018-08-06 16:17:25.525 [main] [org.apache.juli.logging.DirectJDKLog]181 - Failed to start end point associated with ProtocolHandler ["http-nio-8080"] 
java.net.BindException: Address already in use: bind
	at sun.nio.ch.Net.bind0(Native Method)
	at sun.nio.ch.Net.bind(Net.java:433)
	at sun.nio.ch.Net.bind(Net.java:425)
	at sun.nio.ch.ServerSocketChannelImpl.bind(ServerSocketChannelImpl.java:223)
	at sun.nio.ch.ServerSocketAdaptor.bind(ServerSocketAdaptor.java:74)
	at org.apache.tomcat.util.net.NioEndpoint.bind(NioEndpoint.java:210)
	at org.apache.tomcat.util.net.AbstractEndpoint.start(AbstractEndpoint.java:978)
	at org.apache.coyote.AbstractProtocol.start(AbstractProtocol.java:628)
	at org.apache.catalina.connector.Connector.startInternal(Connector.java:993)
	at org.apache.catalina.util.LifecycleBase.start(LifecycleBase.java:150)
	at org.apache.catalina.core.StandardService.addConnector(StandardService.java:225)
	at org.springframework.boot.context.embedded.tomcat.TomcatEmbeddedServletContainer.addPreviouslyRemovedConnectors(TomcatEmbeddedServletContainer.java:247)
	at org.springframework.boot.context.embedded.tomcat.TomcatEmbeddedServletContainer.start(TomcatEmbeddedServletContainer.java:190)
	at org.springframework.boot.context.embedded.EmbeddedWebApplicationContext.startEmbeddedServletContainer(EmbeddedWebApplicationContext.java:297)
	at org.springframework.boot.context.embedded.EmbeddedWebApplicationContext.finishRefresh(EmbeddedWebApplicationContext.java:145)
	at org.springframework.context.support.AbstractApplicationContext.refresh(AbstractApplicationContext.java:545)
	at org.springframework.boot.context.embedded.EmbeddedWebApplicationContext.refresh(EmbeddedWebApplicationContext.java:122)
	at org.springframework.boot.SpringApplication.refresh(SpringApplication.java:737)
	at org.springframework.boot.SpringApplication.refreshContext(SpringApplication.java:370)
	at org.springframework.boot.SpringApplication.run(SpringApplication.java:314)
	at org.springframework.boot.SpringApplication.run(SpringApplication.java:1162)
	at org.springframework.boot.SpringApplication.run(SpringApplication.java:1151)
	at com.gwg.demo.Application.main(Application.java:20)
[ERROR] 2018-08-06 16:17:25.525 [main] [org.apache.juli.logging.DirectJDKLog]181 - Failed to start end point associated with ProtocolHandler ["http-nio-8080"] 
java.net.BindException: Address already in use: bind
	at sun.nio.ch.Net.bind0(Native Method)
	at sun.nio.ch.Net.bind(Net.java:433)
	at sun.nio.ch.Net.bind(Net.java:425)
	at sun.nio.ch.ServerSocketChannelImpl.bind(ServerSocketChannelImpl.java:223)
	at sun.nio.ch.ServerSocketAdaptor.bind(ServerSocketAdaptor.java:74)
	at org.apache.tomcat.util.net.NioEndpoint.bind(NioEndpoint.java:210)
	at org.apache.tomcat.util.net.AbstractEndpoint.start(AbstractEndpoint.java:978)
	at org.apache.coyote.AbstractProtocol.start(AbstractProtocol.java:628)
	at org.apache.catalina.connector.Connector.startInternal(Connector.java:993)
	at org.apache.catalina.util.LifecycleBase.start(LifecycleBase.java:150)
	at org.apache.catalina.core.StandardService.addConnector(StandardService.java:225)
	at org.springframework.boot.context.embedded.tomcat.TomcatEmbeddedServletContainer.addPreviouslyRemovedConnectors(TomcatEmbeddedServletContainer.java:247)
	at org.springframework.boot.context.embedded.tomcat.TomcatEmbeddedServletContainer.start(TomcatEmbeddedServletContainer.java:190)
	at org.springframework.boot.context.embedded.EmbeddedWebApplicationContext.startEmbeddedServletContainer(EmbeddedWebApplicationContext.java:297)
	at org.springframework.boot.context.embedded.EmbeddedWebApplicationContext.finishRefresh(EmbeddedWebApplicationContext.java:145)
	at org.springframework.context.support.AbstractApplicationContext.refresh(AbstractApplicationContext.java:545)
	at org.springframework.boot.context.embedded.EmbeddedWebApplicationContext.refresh(EmbeddedWebApplicationContext.java:122)
	at org.springframework.boot.SpringApplication.refresh(SpringApplication.java:737)
	at org.springframework.boot.SpringApplication.refreshContext(SpringApplication.java:370)
	at org.springframework.boot.SpringApplication.run(SpringApplication.java:314)
	at org.springframework.boot.SpringApplication.run(SpringApplication.java:1162)
	at org.springframework.boot.SpringApplication.run(SpringApplication.java:1151)
	at com.gwg.demo.Application.main(Application.java:20)
[ERROR] 2018-08-06 16:17:25.526 [main] [org.apache.juli.logging.DirectJDKLog]181 - Failed to start connector [Connector[HTTP/1.1-8080]] 
org.apache.catalina.LifecycleException: Failed to start component [Connector[HTTP/1.1-8080]]
	at org.apache.catalina.util.LifecycleBase.start(LifecycleBase.java:167)
	at org.apache.catalina.core.StandardService.addConnector(StandardService.java:225)
	at org.springframework.boot.context.embedded.tomcat.TomcatEmbeddedServletContainer.addPreviouslyRemovedConnectors(TomcatEmbeddedServletContainer.java:247)
	at org.springframework.boot.context.embedded.tomcat.TomcatEmbeddedServletContainer.start(TomcatEmbeddedServletContainer.java:190)
	at org.springframework.boot.context.embedded.EmbeddedWebApplicationContext.startEmbeddedServletContainer(EmbeddedWebApplicationContext.java:297)
	at org.springframework.boot.context.embedded.EmbeddedWebApplicationContext.finishRefresh(EmbeddedWebApplicationContext.java:145)
	at org.springframework.context.support.AbstractApplicationContext.refresh(AbstractApplicationContext.java:545)
	at org.springframework.boot.context.embedded.EmbeddedWebApplicationContext.refresh(EmbeddedWebApplicationContext.java:122)
	at org.springframework.boot.SpringApplication.refresh(SpringApplication.java:737)
	at org.springframework.boot.SpringApplication.refreshContext(SpringApplication.java:370)
	at org.springframework.boot.SpringApplication.run(SpringApplication.java:314)
	at org.springframework.boot.SpringApplication.run(SpringApplication.java:1162)
	at org.springframework.boot.SpringApplication.run(SpringApplication.java:1151)
	at com.gwg.demo.Application.main(Application.java:20)
Caused by: org.apache.catalina.LifecycleException: service.getName(): "Tomcat";  Protocol handler start failed
	at org.apache.catalina.connector.Connector.startInternal(Connector.java:1000)
	at org.apache.catalina.util.LifecycleBase.start(LifecycleBase.java:150)
	... 13 common frames omitted
Caused by: java.net.BindException: Address already in use: bind
	at sun.nio.ch.Net.bind0(Native Method)
	at sun.nio.ch.Net.bind(Net.java:433)
	at sun.nio.ch.Net.bind(Net.java:425)
	at sun.nio.ch.ServerSocketChannelImpl.bind(ServerSocketChannelImpl.java:223)
	at sun.nio.ch.ServerSocketAdaptor.bind(ServerSocketAdaptor.java:74)
	at org.apache.tomcat.util.net.NioEndpoint.bind(NioEndpoint.java:210)
	at org.apache.tomcat.util.net.AbstractEndpoint.start(AbstractEndpoint.java:978)
	at org.apache.coyote.AbstractProtocol.start(AbstractProtocol.java:628)
	at org.apache.catalina.connector.Connector.startInternal(Connector.java:993)
	... 14 common frames omitted
[ERROR] 2018-08-06 16:17:25.526 [main] [org.apache.juli.logging.DirectJDKLog]181 - Failed to start connector [Connector[HTTP/1.1-8080]] 
org.apache.catalina.LifecycleException: Failed to start component [Connector[HTTP/1.1-8080]]
	at org.apache.catalina.util.LifecycleBase.start(LifecycleBase.java:167)
	at org.apache.catalina.core.StandardService.addConnector(StandardService.java:225)
	at org.springframework.boot.context.embedded.tomcat.TomcatEmbeddedServletContainer.addPreviouslyRemovedConnectors(TomcatEmbeddedServletContainer.java:247)
	at org.springframework.boot.context.embedded.tomcat.TomcatEmbeddedServletContainer.start(TomcatEmbeddedServletContainer.java:190)
	at org.springframework.boot.context.embedded.EmbeddedWebApplicationContext.startEmbeddedServletContainer(EmbeddedWebApplicationContext.java:297)
	at org.springframework.boot.context.embedded.EmbeddedWebApplicationContext.finishRefresh(EmbeddedWebApplicationContext.java:145)
	at org.springframework.context.support.AbstractApplicationContext.refresh(AbstractApplicationContext.java:545)
	at org.springframework.boot.context.embedded.EmbeddedWebApplicationContext.refresh(EmbeddedWebApplicationContext.java:122)
	at org.springframework.boot.SpringApplication.refresh(SpringApplication.java:737)
	at org.springframework.boot.SpringApplication.refreshContext(SpringApplication.java:370)
	at org.springframework.boot.SpringApplication.run(SpringApplication.java:314)
	at org.springframework.boot.SpringApplication.run(SpringApplication.java:1162)
	at org.springframework.boot.SpringApplication.run(SpringApplication.java:1151)
	at com.gwg.demo.Application.main(Application.java:20)
Caused by: org.apache.catalina.LifecycleException: service.getName(): "Tomcat";  Protocol handler start failed
	at org.apache.catalina.connector.Connector.startInternal(Connector.java:1000)
	at org.apache.catalina.util.LifecycleBase.start(LifecycleBase.java:150)
	... 13 common frames omitted
Caused by: java.net.BindException: Address already in use: bind
	at sun.nio.ch.Net.bind0(Native Method)
	at sun.nio.ch.Net.bind(Net.java:433)
	at sun.nio.ch.Net.bind(Net.java:425)
	at sun.nio.ch.ServerSocketChannelImpl.bind(ServerSocketChannelImpl.java:223)
	at sun.nio.ch.ServerSocketAdaptor.bind(ServerSocketAdaptor.java:74)
	at org.apache.tomcat.util.net.NioEndpoint.bind(NioEndpoint.java:210)
	at org.apache.tomcat.util.net.AbstractEndpoint.start(AbstractEndpoint.java:978)
	at org.apache.coyote.AbstractProtocol.start(AbstractProtocol.java:628)
	at org.apache.catalina.connector.Connector.startInternal(Connector.java:993)
	... 14 common frames omitted
[ERROR] 2018-08-06 16:17:25.559 [main] [org.springframework.boot.diagnostics.LoggingFailureAnalysisReporter]42 - 

***************************
APPLICATION FAILED TO START
***************************

Description:

The Tomcat connector configured to listen on port 8080 failed to start. The port may already be in use or the connector may be misconfigured.

Action:

Verify the connector's configuration, identify and stop any process that's listening on port 8080, or configure this application to listen on another port.
 
[ERROR] 2018-08-06 16:17:25.559 [main] [org.springframework.boot.diagnostics.LoggingFailureAnalysisReporter]42 - 

***************************
APPLICATION FAILED TO START
***************************

Description:

The Tomcat connector configured to listen on port 8080 failed to start. The port may already be in use or the connector may be misconfigured.

Action:

Verify the connector's configuration, identify and stop any process that's listening on port 8080, or configure this application to listen on another port.
 
[ERROR] 2018-08-06 16:37:18.695 [main] [org.apache.juli.logging.DirectJDKLog]181 - Failed to start end point associated with ProtocolHandler ["http-nio-8081"] 
java.net.BindException: Address already in use: bind
	at sun.nio.ch.Net.bind0(Native Method)
	at sun.nio.ch.Net.bind(Net.java:433)
	at sun.nio.ch.Net.bind(Net.java:425)
	at sun.nio.ch.ServerSocketChannelImpl.bind(ServerSocketChannelImpl.java:223)
	at sun.nio.ch.ServerSocketAdaptor.bind(ServerSocketAdaptor.java:74)
	at org.apache.tomcat.util.net.NioEndpoint.bind(NioEndpoint.java:210)
	at org.apache.tomcat.util.net.AbstractEndpoint.start(AbstractEndpoint.java:978)
	at org.apache.coyote.AbstractProtocol.start(AbstractProtocol.java:628)
	at org.apache.catalina.connector.Connector.startInternal(Connector.java:993)
	at org.apache.catalina.util.LifecycleBase.start(LifecycleBase.java:150)
	at org.apache.catalina.core.StandardService.addConnector(StandardService.java:225)
	at org.springframework.boot.context.embedded.tomcat.TomcatEmbeddedServletContainer.addPreviouslyRemovedConnectors(TomcatEmbeddedServletContainer.java:247)
	at org.springframework.boot.context.embedded.tomcat.TomcatEmbeddedServletContainer.start(TomcatEmbeddedServletContainer.java:190)
	at org.springframework.boot.context.embedded.EmbeddedWebApplicationContext.startEmbeddedServletContainer(EmbeddedWebApplicationContext.java:297)
	at org.springframework.boot.context.embedded.EmbeddedWebApplicationContext.finishRefresh(EmbeddedWebApplicationContext.java:145)
	at org.springframework.context.support.AbstractApplicationContext.refresh(AbstractApplicationContext.java:545)
	at org.springframework.boot.context.embedded.EmbeddedWebApplicationContext.refresh(EmbeddedWebApplicationContext.java:122)
	at org.springframework.boot.SpringApplication.refresh(SpringApplication.java:737)
	at org.springframework.boot.SpringApplication.refreshContext(SpringApplication.java:370)
	at org.springframework.boot.SpringApplication.run(SpringApplication.java:314)
	at org.springframework.boot.SpringApplication.run(SpringApplication.java:1162)
	at org.springframework.boot.SpringApplication.run(SpringApplication.java:1151)
	at com.gwg.demo.Application.main(Application.java:20)
[ERROR] 2018-08-06 16:37:18.695 [main] [org.apache.juli.logging.DirectJDKLog]181 - Failed to start end point associated with ProtocolHandler ["http-nio-8081"] 
java.net.BindException: Address already in use: bind
	at sun.nio.ch.Net.bind0(Native Method)
	at sun.nio.ch.Net.bind(Net.java:433)
	at sun.nio.ch.Net.bind(Net.java:425)
	at sun.nio.ch.ServerSocketChannelImpl.bind(ServerSocketChannelImpl.java:223)
	at sun.nio.ch.ServerSocketAdaptor.bind(ServerSocketAdaptor.java:74)
	at org.apache.tomcat.util.net.NioEndpoint.bind(NioEndpoint.java:210)
	at org.apache.tomcat.util.net.AbstractEndpoint.start(AbstractEndpoint.java:978)
	at org.apache.coyote.AbstractProtocol.start(AbstractProtocol.java:628)
	at org.apache.catalina.connector.Connector.startInternal(Connector.java:993)
	at org.apache.catalina.util.LifecycleBase.start(LifecycleBase.java:150)
	at org.apache.catalina.core.StandardService.addConnector(StandardService.java:225)
	at org.springframework.boot.context.embedded.tomcat.TomcatEmbeddedServletContainer.addPreviouslyRemovedConnectors(TomcatEmbeddedServletContainer.java:247)
	at org.springframework.boot.context.embedded.tomcat.TomcatEmbeddedServletContainer.start(TomcatEmbeddedServletContainer.java:190)
	at org.springframework.boot.context.embedded.EmbeddedWebApplicationContext.startEmbeddedServletContainer(EmbeddedWebApplicationContext.java:297)
	at org.springframework.boot.context.embedded.EmbeddedWebApplicationContext.finishRefresh(EmbeddedWebApplicationContext.java:145)
	at org.springframework.context.support.AbstractApplicationContext.refresh(AbstractApplicationContext.java:545)
	at org.springframework.boot.context.embedded.EmbeddedWebApplicationContext.refresh(EmbeddedWebApplicationContext.java:122)
	at org.springframework.boot.SpringApplication.refresh(SpringApplication.java:737)
	at org.springframework.boot.SpringApplication.refreshContext(SpringApplication.java:370)
	at org.springframework.boot.SpringApplication.run(SpringApplication.java:314)
	at org.springframework.boot.SpringApplication.run(SpringApplication.java:1162)
	at org.springframework.boot.SpringApplication.run(SpringApplication.java:1151)
	at com.gwg.demo.Application.main(Application.java:20)
[ERROR] 2018-08-06 16:37:18.696 [main] [org.apache.juli.logging.DirectJDKLog]181 - Failed to start connector [Connector[HTTP/1.1-8081]] 
org.apache.catalina.LifecycleException: Failed to start component [Connector[HTTP/1.1-8081]]
	at org.apache.catalina.util.LifecycleBase.start(LifecycleBase.java:167)
	at org.apache.catalina.core.StandardService.addConnector(StandardService.java:225)
	at org.springframework.boot.context.embedded.tomcat.TomcatEmbeddedServletContainer.addPreviouslyRemovedConnectors(TomcatEmbeddedServletContainer.java:247)
	at org.springframework.boot.context.embedded.tomcat.TomcatEmbeddedServletContainer.start(TomcatEmbeddedServletContainer.java:190)
	at org.springframework.boot.context.embedded.EmbeddedWebApplicationContext.startEmbeddedServletContainer(EmbeddedWebApplicationContext.java:297)
	at org.springframework.boot.context.embedded.EmbeddedWebApplicationContext.finishRefresh(EmbeddedWebApplicationContext.java:145)
	at org.springframework.context.support.AbstractApplicationContext.refresh(AbstractApplicationContext.java:545)
	at org.springframework.boot.context.embedded.EmbeddedWebApplicationContext.refresh(EmbeddedWebApplicationContext.java:122)
	at org.springframework.boot.SpringApplication.refresh(SpringApplication.java:737)
	at org.springframework.boot.SpringApplication.refreshContext(SpringApplication.java:370)
	at org.springframework.boot.SpringApplication.run(SpringApplication.java:314)
	at org.springframework.boot.SpringApplication.run(SpringApplication.java:1162)
	at org.springframework.boot.SpringApplication.run(SpringApplication.java:1151)
	at com.gwg.demo.Application.main(Application.java:20)
Caused by: org.apache.catalina.LifecycleException: service.getName(): "Tomcat";  Protocol handler start failed
	at org.apache.catalina.connector.Connector.startInternal(Connector.java:1000)
	at org.apache.catalina.util.LifecycleBase.start(LifecycleBase.java:150)
	... 13 common frames omitted
Caused by: java.net.BindException: Address already in use: bind
	at sun.nio.ch.Net.bind0(Native Method)
	at sun.nio.ch.Net.bind(Net.java:433)
	at sun.nio.ch.Net.bind(Net.java:425)
	at sun.nio.ch.ServerSocketChannelImpl.bind(ServerSocketChannelImpl.java:223)
	at sun.nio.ch.ServerSocketAdaptor.bind(ServerSocketAdaptor.java:74)
	at org.apache.tomcat.util.net.NioEndpoint.bind(NioEndpoint.java:210)
	at org.apache.tomcat.util.net.AbstractEndpoint.start(AbstractEndpoint.java:978)
	at org.apache.coyote.AbstractProtocol.start(AbstractProtocol.java:628)
	at org.apache.catalina.connector.Connector.startInternal(Connector.java:993)
	... 14 common frames omitted
[ERROR] 2018-08-06 16:37:18.696 [main] [org.apache.juli.logging.DirectJDKLog]181 - Failed to start connector [Connector[HTTP/1.1-8081]] 
org.apache.catalina.LifecycleException: Failed to start component [Connector[HTTP/1.1-8081]]
	at org.apache.catalina.util.LifecycleBase.start(LifecycleBase.java:167)
	at org.apache.catalina.core.StandardService.addConnector(StandardService.java:225)
	at org.springframework.boot.context.embedded.tomcat.TomcatEmbeddedServletContainer.addPreviouslyRemovedConnectors(TomcatEmbeddedServletContainer.java:247)
	at org.springframework.boot.context.embedded.tomcat.TomcatEmbeddedServletContainer.start(TomcatEmbeddedServletContainer.java:190)
	at org.springframework.boot.context.embedded.EmbeddedWebApplicationContext.startEmbeddedServletContainer(EmbeddedWebApplicationContext.java:297)
	at org.springframework.boot.context.embedded.EmbeddedWebApplicationContext.finishRefresh(EmbeddedWebApplicationContext.java:145)
	at org.springframework.context.support.AbstractApplicationContext.refresh(AbstractApplicationContext.java:545)
	at org.springframework.boot.context.embedded.EmbeddedWebApplicationContext.refresh(EmbeddedWebApplicationContext.java:122)
	at org.springframework.boot.SpringApplication.refresh(SpringApplication.java:737)
	at org.springframework.boot.SpringApplication.refreshContext(SpringApplication.java:370)
	at org.springframework.boot.SpringApplication.run(SpringApplication.java:314)
	at org.springframework.boot.SpringApplication.run(SpringApplication.java:1162)
	at org.springframework.boot.SpringApplication.run(SpringApplication.java:1151)
	at com.gwg.demo.Application.main(Application.java:20)
Caused by: org.apache.catalina.LifecycleException: service.getName(): "Tomcat";  Protocol handler start failed
	at org.apache.catalina.connector.Connector.startInternal(Connector.java:1000)
	at org.apache.catalina.util.LifecycleBase.start(LifecycleBase.java:150)
	... 13 common frames omitted
Caused by: java.net.BindException: Address already in use: bind
	at sun.nio.ch.Net.bind0(Native Method)
	at sun.nio.ch.Net.bind(Net.java:433)
	at sun.nio.ch.Net.bind(Net.java:425)
	at sun.nio.ch.ServerSocketChannelImpl.bind(ServerSocketChannelImpl.java:223)
	at sun.nio.ch.ServerSocketAdaptor.bind(ServerSocketAdaptor.java:74)
	at org.apache.tomcat.util.net.NioEndpoint.bind(NioEndpoint.java:210)
	at org.apache.tomcat.util.net.AbstractEndpoint.start(AbstractEndpoint.java:978)
	at org.apache.coyote.AbstractProtocol.start(AbstractProtocol.java:628)
	at org.apache.catalina.connector.Connector.startInternal(Connector.java:993)
	... 14 common frames omitted
[ERROR] 2018-08-06 16:37:18.729 [main] [org.springframework.boot.diagnostics.LoggingFailureAnalysisReporter]42 - 

***************************
APPLICATION FAILED TO START
***************************

Description:

The Tomcat connector configured to listen on port 8081 failed to start. The port may already be in use or the connector may be misconfigured.

Action:

Verify the connector's configuration, identify and stop any process that's listening on port 8081, or configure this application to listen on another port.
 
[ERROR] 2018-08-06 16:37:18.729 [main] [org.springframework.boot.diagnostics.LoggingFailureAnalysisReporter]42 - 

***************************
APPLICATION FAILED TO START
***************************

Description:

The Tomcat connector configured to listen on port 8081 failed to start. The port may already be in use or the connector may be misconfigured.

Action:

Verify the connector's configuration, identify and stop any process that's listening on port 8081, or configure this application to listen on another port.
 
